make  all-recursive
make[1]: Entering directory '/home/runner/work/cognu-mach/cognu-mach'
make[2]: Entering directory '/home/runner/work/cognu-mach/cognu-mach'
make[3]: Entering directory '/home/runner/work/cognu-mach/cognu-mach'
make[3]: Leaving directory '/home/runner/work/cognu-mach/cognu-mach'
Updating ./doc/version.texi
restore=: && backupdir=".am$$" && \
am__cwd=`pwd` && CDPATH="${ZSH_VERSION+.}:" && cd . && \
rm -rf $backupdir && mkdir $backupdir && \
if (/bin/bash '/home/runner/work/cognu-mach/cognu-mach/build-aux/missing' makeinfo --version) >/dev/null 2>&1; then \
  for f in doc/mach.info doc/mach.info-[0-9] doc/mach.info-[0-9][0-9] doc/mach.i[0-9] doc/mach.i[0-9][0-9]; do \
    if test -f $f; then mv $f $backupdir; restore=mv; else :; fi; \
  done; \
else :; fi && \
cd "$am__cwd"; \
if /bin/bash '/home/runner/work/cognu-mach/cognu-mach/build-aux/missing' makeinfo   -I doc -I ./doc \
 -o doc/mach.info ./doc/mach.texi; \
then \
  rc=0; \
  CDPATH="${ZSH_VERSION+.}:" && cd .; \
else \
  rc=$?; \
  CDPATH="${ZSH_VERSION+.}:" && cd . && \
  $restore $backupdir/* `echo "./doc/mach.info" | sed 's|[^/]*$||'`; \
fi; \
rm -rf $backupdir; exit $rc
mach.texi:1539: warning: @footnote should not appear anywhere inside @w
rm -f vm/memory_object_user.user.defs.c
cp -p vm/memory_object_user.cli vm/memory_object_user.user.defs.c
rm -f vm/memory_object_default.user.defs.c
cp -p vm/memory_object_default.cli vm/memory_object_default.user.defs.c
rm -f device/device_reply.user.defs.c
cp -p device/device_reply.cli device/device_reply.user.defs.c
rm -f device/memory_object_reply.user.defs.c
cp -p device/memory_object_reply.cli device/memory_object_reply.user.defs.c
rm -f kern/task_notify.user.defs.c
cp -p kern/task_notify.cli kern/task_notify.user.defs.c
rm -f device/device.server.defs.c
cp -p device/device.srv device/device.server.defs.c
rm -f device/device_pager.server.defs.c
cp -p device/device_pager.srv device/device_pager.server.defs.c
rm -f ipc/mach_port.server.defs.c
cp -p ipc/mach_port.srv ipc/mach_port.server.defs.c
rm -f kern/mach.server.defs.c
cp -p kern/mach.srv kern/mach.server.defs.c
rm -f kern/mach4.server.defs.c
cp -p kern/mach4.srv kern/mach4.server.defs.c
rm -f kern/gnumach.server.defs.c
cp -p kern/gnumach.srv kern/gnumach.server.defs.c
rm -f kern/experimental.server.defs.c
cp -p kern/experimental.srv kern/experimental.server.defs.c
rm -f kern/mach_debug.server.defs.c
cp -p kern/mach_debug.srv kern/mach_debug.server.defs.c
rm -f kern/mach_host.server.defs.c
cp -p kern/mach_host.srv kern/mach_host.server.defs.c
rm -f ipc/notify.none.defs.c
cp -p ipc/notify.defs ipc/notify.none.defs.c
rm -f kern/exc.none.defs.c
cp -p kern/exc.defs kern/exc.none.defs.c
rm -f i386/i386/mach_i386.server.defs.c
cp -p i386/i386/mach_i386.srv i386/i386/mach_i386.server.defs.c
make[2]: Circular version.c <- version.c dependency dropped.
gcc -DHAVE_CONFIG_H -I.  -nostdinc -imacros config.h -I /usr/lib/gcc/x86_64-linux-gnu/13//include -Ii386 -I. -I./i386 -I./i386/include/mach/sa -I./include  -E  -fno-builtin-log -Wall -Wextra -Wstrict-prototypes -Wold-style-definition -Wmissing-prototypes -Wextra -Wshadow -Wpointer-arith -Wcast-align -Wwrite-strings -Wredundant-decls -Wnested-externs -Winline -Wno-long-long -Wuninitialized -Wconversion -Wstrict-overflow=2 -fgnu89-inline -fstrict-aliasing -Wstrict-aliasing=2 -ffreestanding -nostdlib -fno-stack-protector -DRDXTREE_KEY_32  -no-pie -fno-PIE -fno-pie -fno-pic -mno-3dnow -mno-mmx -mno-sse -mno-sse2  -g -O2 -Wall -Wextra -Wstrict-aliasing -Wpointer-arith -Wmissing-prototypes -Wmissing-declarations -Wformat=2 -Wformat-security -Wold-style-definition -Wstrict-prototypes -Wno-unused-parameter -Wno-sign-compare -MT vm/lib_dep_tr_for_defs_a-memory_object_user.user.defs.o -MD -MP -MF vm/.deps/lib_dep_tr_for_defs_a-memory_object_user.user.defs.Tpo -c -o vm/lib_dep_tr_for_defs_a-memory_object_user.user.defs.o `test -f 'vm/memory_object_user.user.defs.c' || echo './'`vm/memory_object_user.user.defs.c
mv -f vm/.deps/lib_dep_tr_for_defs_a-memory_object_user.user.defs.Tpo vm/.deps/lib_dep_tr_for_defs_a-memory_object_user.user.defs.Po
mig -n -cc cat - /dev/null  	\
  -user vm/memory_object_user.user.c -header vm/memory_object_user.user.h			\
  -list vm/memory_object_user.user.msgids					\
  < vm/lib_dep_tr_for_defs_a-memory_object_user.user.defs.o
/bin/bash: line 1: mig: command not found
make[2]: *** [Makefile:9805: vm/memory_object_user.user.h] Error 127
make[2]: Leaving directory '/home/runner/work/cognu-mach/cognu-mach'
make[1]: *** [Makefile:8140: all-recursive] Error 1
make[1]: Leaving directory '/home/runner/work/cognu-mach/cognu-mach'
make: *** [Makefile:3869: all] Error 2
