[0;34m=== GNU Mach Enhanced Static Analysis ===[0m
Running static analysis tools to identify code quality issues...
Project: /home/runner/work/cognu-mach/cognu-mach
Output:  /home/runner/work/cognu-mach/cognu-mach/analysis-reports

[1;33mScope: Full codebase analysis[0m
[1;33mWarning: cppcheck not found. Please install it for complete analysis.[0m
[0;34m=== Running clang static analyzer ===[0m
[1;33mWarning: scan-build not found. Please install it for complete analysis.[0m
[1;33mscan-build not found. Install clang-tools for static analysis.[0m

[0;34m=== Checking for compiler warnings ===[0m
Building with enhanced warnings to identify issues...
checking for a BSD-compatible install... /usr/bin/install -c
checking whether build environment is sane... yes
checking for i686-gnu-strip... no
checking for strip... strip
checking for a race-free mkdir -p... /usr/bin/mkdir -p
checking for gawk... gawk
checking whether make sets $(MAKE)... yes
checking whether make supports nested variables... yes
configure: error: source directory already configured; run "make distclean" there first
make: *** No targets specified and no makefile found.  Stop.
[0;32mCompiler warnings saved to /home/runner/work/cognu-mach/cognu-mach/analysis-reports/compiler-warnings.txt[0m

[0;32m=== Static analysis complete ===[0m
Review the following files for issues:
  - /home/runner/work/cognu-mach/cognu-mach/analysis-reports/cppcheck-report.txt
  - /home/runner/work/cognu-mach/cognu-mach/analysis-reports/compiler-warnings.txt
  - /home/runner/work/cognu-mach/cognu-mach/analysis-reports/build-analyze/scan-results/ (if clang analyzer was run)
