This file contains any messages produced by compilers while
running configure, to aid debugging if configure makes a mistake.

It was created by GNU Mach configure 1.8, which was
generated by GNU Autoconf 2.71.  Invocation command line was

  $ /home/runner/work/cognu-mach/cognu-mach/configure --host=i686-gnu

## --------- ##
## Platform. ##
## --------- ##

hostname = pkrvmsl9tci6h6u
uname -m = x86_64
uname -r = 6.11.0-1018-azure
uname -s = Linux
uname -v = #18~24.04.1-Ubuntu SMP Sat Jun 28 04:46:03 UTC 2025

/usr/bin/uname -p = x86_64
/bin/uname -X     = unknown

/bin/arch              = x86_64
/usr/bin/arch -k       = unknown
/usr/convex/getsysinfo = unknown
/usr/bin/hostinfo      = unknown
/bin/machine           = unknown
/usr/bin/oslevel       = unknown
/bin/universe          = unknown

PATH: /snap/bin/
PATH: /home/runner/.local/bin/
PATH: /opt/pipx_bin/
PATH: /home/runner/.cargo/bin/
PATH: /home/runner/.config/composer/vendor/bin/
PATH: /usr/local/.ghcup/bin/
PATH: /home/runner/.dotnet/tools/
PATH: /usr/local/sbin/
PATH: /usr/local/bin/
PATH: /usr/sbin/
PATH: /usr/bin/
PATH: /sbin/
PATH: /bin/
PATH: /usr/games/
PATH: /usr/local/games/
PATH: /snap/bin/


## ----------- ##
## Core tests. ##
## ----------- ##

configure:2805: looking for aux files: compile config.guess config.sub missing install-sh
configure:2818:  trying /home/runner/work/cognu-mach/cognu-mach/build-aux/
configure:2847:   /home/runner/work/cognu-mach/cognu-mach/build-aux/compile found
configure:2847:   /home/runner/work/cognu-mach/cognu-mach/build-aux/config.guess found
configure:2847:   /home/runner/work/cognu-mach/cognu-mach/build-aux/config.sub found
configure:2847:   /home/runner/work/cognu-mach/cognu-mach/build-aux/missing found
configure:2829:   /home/runner/work/cognu-mach/cognu-mach/build-aux/install-sh found
configure:2989: checking for a BSD-compatible install
configure:3062: result: /usr/bin/install -c
configure:3073: checking whether build environment is sane
configure:3128: result: yes
configure:3184: checking for i686-gnu-strip
configure:3219: result: no
configure:3229: checking for strip
configure:3250: found /usr/bin/strip
configure:3261: result: strip
configure:3287: checking for a race-free mkdir -p
configure:3331: result: /usr/bin/mkdir -p
configure:3338: checking for gawk
configure:3359: found /usr/bin/gawk
configure:3370: result: gawk
configure:3381: checking whether make sets $(MAKE)
configure:3404: result: yes
configure:3434: checking whether make supports nested variables
configure:3452: result: yes
configure:3596: checking whether make supports nested variables
configure:3614: result: yes
configure:3638: checking build system type
configure:3653: result: x86_64-pc-linux-gnu
configure:3673: checking host system type
configure:3687: result: i686-pc-gnu
configure:3758: checking for gawk
configure:3790: result: gawk
configure:3818: checking whether make supports the include directive
configure:3833: make -f confmf.GNU && cat confinc.out
this is the am__doit target
configure:3836: $? = 0
configure:3855: result: yes (GNU style)
configure:3886: checking for i686-gnu-gcc
configure:3918: result: /usr/share/clang/scan-build-18/bin/../libexec/ccc-analyzer
configure:4316: checking for C compiler version
configure:4325: /usr/share/clang/scan-build-18/bin/../libexec/ccc-analyzer --version >&5
gcc (Ubuntu 13.3.0-6ubuntu2~24.04) 13.3.0
Copyright (C) 2023 Free Software Foundation, Inc.
This is free software; see the source for copying conditions.  There is NO
warranty; not even for MERCHANTABILITY or FITNESS FOR A PARTICULAR PURPOSE.

configure:4336: $? = 0
configure:4325: /usr/share/clang/scan-build-18/bin/../libexec/ccc-analyzer -v >&5
Using built-in specs.
COLLECT_GCC=gcc
COLLECT_LTO_WRAPPER=/usr/libexec/gcc/x86_64-linux-gnu/13/lto-wrapper
OFFLOAD_TARGET_NAMES=nvptx-none:amdgcn-amdhsa
OFFLOAD_TARGET_DEFAULT=1
Target: x86_64-linux-gnu
Configured with: ../src/configure -v --with-pkgversion='Ubuntu 13.3.0-6ubuntu2~24.04' --with-bugurl=file:///usr/share/doc/gcc-13/README.Bugs --enable-languages=c,ada,c++,go,d,fortran,objc,obj-c++,m2 --prefix=/usr --with-gcc-major-version-only --program-suffix=-13 --program-prefix=x86_64-linux-gnu- --enable-shared --enable-linker-build-id --libexecdir=/usr/libexec --without-included-gettext --enable-threads=posix --libdir=/usr/lib --enable-nls --enable-bootstrap --enable-clocale=gnu --enable-libstdcxx-debug --enable-libstdcxx-time=yes --with-default-libstdcxx-abi=new --enable-libstdcxx-backtrace --enable-gnu-unique-object --disable-vtable-verify --enable-plugin --enable-default-pie --with-system-zlib --enable-libphobos-checking=release --with-target-system-zlib=auto --enable-objc-gc=auto --enable-multiarch --disable-werror --enable-cet --with-arch-32=i686 --with-abi=m64 --with-multilib-list=m32,m64,mx32 --enable-multilib --with-tune=generic --enable-offload-targets=nvptx-none=/build/gcc-13-fG75Ri/gcc-13-13.3.0/debian/tmp-nvptx/usr,amdgcn-amdhsa=/build/gcc-13-fG75Ri/gcc-13-13.3.0/debian/tmp-gcn/usr --enable-offload-defaulted --without-cuda-driver --enable-checking=release --build=x86_64-linux-gnu --host=x86_64-linux-gnu --target=x86_64-linux-gnu --with-build-config=bootstrap-lto-lean --enable-link-serialization=2
Thread model: posix
Supported LTO compression algorithms: zlib zstd
gcc version 13.3.0 (Ubuntu 13.3.0-6ubuntu2~24.04) 
... rest of stderr output deleted ...
configure:4336: $? = 0
configure:4325: /usr/share/clang/scan-build-18/bin/../libexec/ccc-analyzer -V >&5
gcc: error: unrecognized command-line option '-V'
gcc: fatal error: no input files
compilation terminated.
configure:4336: $? = 1
configure:4325: /usr/share/clang/scan-build-18/bin/../libexec/ccc-analyzer -qversion >&5
gcc: error: unrecognized command-line option '-qversion'; did you mean '--version'?
gcc: fatal error: no input files
compilation terminated.
configure:4336: $? = 1
configure:4325: /usr/share/clang/scan-build-18/bin/../libexec/ccc-analyzer -version >&5
gcc: error: unrecognized command-line option '-version'
gcc: fatal error: no input files
compilation terminated.
configure:4336: $? = 1
configure:4356: checking whether the C compiler works
configure:4378: /usr/share/clang/scan-build-18/bin/../libexec/ccc-analyzer -g -O2 -ffreestanding -nostdlib   conftest.c  >&5
/usr/bin/ld: warning: cannot find entry symbol _start; defaulting to 0000000000001000
configure:4382: $? = 0
configure:4432: result: yes
configure:4435: checking for C compiler default output file name
configure:4437: result: a.out
configure:4443: checking for suffix of executables
configure:4450: /usr/share/clang/scan-build-18/bin/../libexec/ccc-analyzer -o conftest -g -O2 -ffreestanding -nostdlib   conftest.c  >&5
/usr/bin/ld: warning: cannot find entry symbol _start; defaulting to 0000000000001000
configure:4454: $? = 0
configure:4477: result: 
configure:4499: checking whether we are cross compiling
configure:4537: result: yes
configure:4542: checking for suffix of object files
configure:4565: /usr/share/clang/scan-build-18/bin/../libexec/ccc-analyzer -c -g -O2 -ffreestanding -nostdlib  conftest.c >&5
configure:4569: $? = 0
configure:4591: result: o
configure:4595: checking whether the compiler supports GNU C
configure:4615: /usr/share/clang/scan-build-18/bin/../libexec/ccc-analyzer -c -g -O2 -ffreestanding -nostdlib  conftest.c >&5
configure:4615: $? = 0
configure:4625: result: yes
configure:4636: checking whether /usr/share/clang/scan-build-18/bin/../libexec/ccc-analyzer accepts -g
configure:4657: /usr/share/clang/scan-build-18/bin/../libexec/ccc-analyzer -c -g  conftest.c >&5
configure:4657: $? = 0
configure:4701: result: yes
configure:4721: checking for /usr/share/clang/scan-build-18/bin/../libexec/ccc-analyzer option to enable C11 features
configure:4736: /usr/share/clang/scan-build-18/bin/../libexec/ccc-analyzer  -c -g -O2 -ffreestanding -nostdlib  conftest.c >&5
configure:4736: $? = 0
configure:4754: result: none needed
configure:4870: checking whether /usr/share/clang/scan-build-18/bin/../libexec/ccc-analyzer understands -c and -o together
configure:4893: /usr/share/clang/scan-build-18/bin/../libexec/ccc-analyzer -c conftest.c -o conftest2.o
configure:4896: $? = 0
configure:4893: /usr/share/clang/scan-build-18/bin/../libexec/ccc-analyzer -c conftest.c -o conftest2.o
configure:4896: $? = 0
configure:4908: result: yes
configure:4927: checking dependency style of /usr/share/clang/scan-build-18/bin/../libexec/ccc-analyzer
configure:5039: result: gcc3
configure:5063: checking dependency style of /usr/share/clang/scan-build-18/bin/../libexec/ccc-analyzer
configure:5173: result: gcc3
configure:5197: checking for i686-gnu-gcc
configure:5229: result: /usr/share/clang/scan-build-18/bin/../libexec/ccc-analyzer
configure:5627: checking for C compiler version
configure:5636: /usr/share/clang/scan-build-18/bin/../libexec/ccc-analyzer --version >&5
gcc (Ubuntu 13.3.0-6ubuntu2~24.04) 13.3.0
Copyright (C) 2023 Free Software Foundation, Inc.
This is free software; see the source for copying conditions.  There is NO
warranty; not even for MERCHANTABILITY or FITNESS FOR A PARTICULAR PURPOSE.

configure:5647: $? = 0
configure:5636: /usr/share/clang/scan-build-18/bin/../libexec/ccc-analyzer -v >&5
Using built-in specs.
COLLECT_GCC=gcc
COLLECT_LTO_WRAPPER=/usr/libexec/gcc/x86_64-linux-gnu/13/lto-wrapper
OFFLOAD_TARGET_NAMES=nvptx-none:amdgcn-amdhsa
OFFLOAD_TARGET_DEFAULT=1
Target: x86_64-linux-gnu
Configured with: ../src/configure -v --with-pkgversion='Ubuntu 13.3.0-6ubuntu2~24.04' --with-bugurl=file:///usr/share/doc/gcc-13/README.Bugs --enable-languages=c,ada,c++,go,d,fortran,objc,obj-c++,m2 --prefix=/usr --with-gcc-major-version-only --program-suffix=-13 --program-prefix=x86_64-linux-gnu- --enable-shared --enable-linker-build-id --libexecdir=/usr/libexec --without-included-gettext --enable-threads=posix --libdir=/usr/lib --enable-nls --enable-bootstrap --enable-clocale=gnu --enable-libstdcxx-debug --enable-libstdcxx-time=yes --with-default-libstdcxx-abi=new --enable-libstdcxx-backtrace --enable-gnu-unique-object --disable-vtable-verify --enable-plugin --enable-default-pie --with-system-zlib --enable-libphobos-checking=release --with-target-system-zlib=auto --enable-objc-gc=auto --enable-multiarch --disable-werror --enable-cet --with-arch-32=i686 --with-abi=m64 --with-multilib-list=m32,m64,mx32 --enable-multilib --with-tune=generic --enable-offload-targets=nvptx-none=/build/gcc-13-fG75Ri/gcc-13-13.3.0/debian/tmp-nvptx/usr,amdgcn-amdhsa=/build/gcc-13-fG75Ri/gcc-13-13.3.0/debian/tmp-gcn/usr --enable-offload-defaulted --without-cuda-driver --enable-checking=release --build=x86_64-linux-gnu --host=x86_64-linux-gnu --target=x86_64-linux-gnu --with-build-config=bootstrap-lto-lean --enable-link-serialization=2
Thread model: posix
Supported LTO compression algorithms: zlib zstd
gcc version 13.3.0 (Ubuntu 13.3.0-6ubuntu2~24.04) 
... rest of stderr output deleted ...
configure:5647: $? = 0
configure:5636: /usr/share/clang/scan-build-18/bin/../libexec/ccc-analyzer -V >&5
gcc: error: unrecognized command-line option '-V'
gcc: fatal error: no input files
compilation terminated.
configure:5647: $? = 1
configure:5636: /usr/share/clang/scan-build-18/bin/../libexec/ccc-analyzer -qversion >&5
gcc: error: unrecognized command-line option '-qversion'; did you mean '--version'?
gcc: fatal error: no input files
compilation terminated.
configure:5647: $? = 1
configure:5636: /usr/share/clang/scan-build-18/bin/../libexec/ccc-analyzer -version >&5
gcc: error: unrecognized command-line option '-version'
gcc: fatal error: no input files
compilation terminated.
configure:5647: $? = 1
configure:5651: checking whether the compiler supports GNU C
configure:5681: result: yes
configure:5692: checking whether /usr/share/clang/scan-build-18/bin/../libexec/ccc-analyzer accepts -g
configure:5757: result: yes
configure:5777: checking for /usr/share/clang/scan-build-18/bin/../libexec/ccc-analyzer option to enable C11 features
configure:5810: result: none needed
configure:5926: checking whether /usr/share/clang/scan-build-18/bin/../libexec/ccc-analyzer understands -c and -o together
configure:5964: result: yes
configure:5983: checking dependency style of /usr/share/clang/scan-build-18/bin/../libexec/ccc-analyzer
configure:6095: result: gcc3
configure:6115: checking how to run the C preprocessor
configure:6141: /usr/share/clang/scan-build-18/bin/../libexec/ccc-analyzer -E  conftest.c
configure:6141: $? = 0
configure:6156: /usr/share/clang/scan-build-18/bin/../libexec/ccc-analyzer -E  conftest.c
conftest.c:9:10: fatal error: ac_nonexistent.h: No such file or directory
    9 | #include <ac_nonexistent.h>
      |          ^~~~~~~~~~~~~~~~~~
compilation terminated.
configure:6156: $? = 1
configure: failed program was:
| /* confdefs.h */
| #define PACKAGE_NAME "GNU Mach"
| #define PACKAGE_TARNAME "gnumach"
| #define PACKAGE_VERSION "1.8"
| #define PACKAGE_STRING "GNU Mach 1.8"
| #define PACKAGE_BUGREPORT "bug-hurd@gnu.org"
| #define PACKAGE_URL ""
| /* end confdefs.h.  */
| #include <ac_nonexistent.h>
configure:6183: result: /usr/share/clang/scan-build-18/bin/../libexec/ccc-analyzer -E
configure:6197: /usr/share/clang/scan-build-18/bin/../libexec/ccc-analyzer -E  conftest.c
configure:6197: $? = 0
configure:6212: /usr/share/clang/scan-build-18/bin/../libexec/ccc-analyzer -E  conftest.c
conftest.c:9:10: fatal error: ac_nonexistent.h: No such file or directory
    9 | #include <ac_nonexistent.h>
      |          ^~~~~~~~~~~~~~~~~~
compilation terminated.
configure:6212: $? = 1
configure: failed program was:
| /* confdefs.h */
| #define PACKAGE_NAME "GNU Mach"
| #define PACKAGE_TARNAME "gnumach"
| #define PACKAGE_VERSION "1.8"
| #define PACKAGE_STRING "GNU Mach 1.8"
| #define PACKAGE_BUGREPORT "bug-hurd@gnu.org"
| #define PACKAGE_URL ""
| /* end confdefs.h.  */
| #include <ac_nonexistent.h>
configure:6246: checking for i686-gnu-ranlib
configure:6281: result: no
configure:6291: checking for ranlib
configure:6312: found /usr/bin/ranlib
configure:6323: result: ranlib
configure:6348: checking for i686-gnu-ar
configure:6383: result: no
configure:6393: checking for ar
configure:6414: found /usr/bin/ar
configure:6425: result: ar
configure:6450: checking for i686-gnu-ld
configure:6485: result: no
configure:6495: checking for ld
configure:6516: found /usr/bin/ld
configure:6527: result: ld
configure:6552: checking for i686-gnu-nm
configure:6587: result: no
configure:6597: checking for nm
configure:6618: found /usr/bin/nm
configure:6629: result: nm
configure:6655: checking for i686-gnu-mig
configure:6690: result: no
configure:6700: checking for mig
configure:6735: result: no
configure:6758: WARNING: mig was not found, we will not be able to build a kernel, only install headers. Install or build mig against them, and run configure again. If you already did so, perhaps you need to specify the path with MIG=
configure:6767: checking for gzip
configure:6788: found /usr/bin/gzip
configure:6800: result: gzip
configure:6811: checking for i686-gnu-strip
configure:6843: result: strip
configure:6913: checking for patch
configure:6934: found /usr/bin/patch
configure:6946: result: patch
configure:7776: checking whether to enable assertions
configure:7797: result: yes
configure:12377: checking for i686-gnu-mig
configure:12412: result: no
configure:12469: checking for /usr/share/clang/scan-build-18/bin/../libexec/ccc-analyzer
configure:12502: result: none
configure:12513: checking for /usr/share/clang/scan-build-18/bin/../libexec/ccc-analyzer
configure:12546: result: none
configure:12566: checking whether the compiler accepts `-fstack-protector'
configure:12576: result: yes
configure:12763: checking that generated files are newer than configure
configure:12769: result: done
configure:13372: creating ./config.status
configure:14710: Applied a patch to work around a deficiency in
    Automake.  See `configure.ac' for details.

## ---------------------- ##
## Running config.status. ##
## ---------------------- ##

This file was extended by GNU Mach config.status 1.8, which was
generated by GNU Autoconf 2.71.  Invocation command line was

  CONFIG_FILES    = 
  CONFIG_HEADERS  = 
  CONFIG_LINKS    = 
  CONFIG_COMMANDS = 
  $ ./config.status 

on pkrvmsl9tci6h6u

config.status:1232: creating tests/test-multiboot
config.status:1232: creating Makefile
config.status:1232: creating version.c
config.status:1232: creating config.h
config.status:1458: linking /home/runner/work/cognu-mach/cognu-mach/i386/i386 to machine
config.status:1458: linking /home/runner/work/cognu-mach/cognu-mach/i386/include/mach/i386 to mach/machine
config.status:1458: linking /home/runner/work/cognu-mach/cognu-mach/linux/src/include/asm-i386 to linux/src/include/asm
config.status:1458: linking /home/runner/work/cognu-mach/cognu-mach/linux/dev/include/asm-i386 to linux/dev/include/asm
config.status:1477: executing depfiles commands
config.status:1554: cd .       && sed -e '/# am--include-marker/d' Makefile         | make -f - am--depfiles
# Ugly bootstrap hack to get to-be-generated files created
# Try to guess what file this dependency file is from...
# Ugly bootstrap hack to get to-be-generated files created
# Try to guess what file this dependency file is from...
# Ugly bootstrap hack to get to-be-generated files created
# Try to guess what file this dependency file is from...
# Ugly bootstrap hack to get to-be-generated files created
# Try to guess what file this dependency file is from...
# Ugly bootstrap hack to get to-be-generated files created
# Try to guess what file this dependency file is from...
# Ugly bootstrap hack to get to-be-generated files created
# Try to guess what file this dependency file is from...
# Ugly bootstrap hack to get to-be-generated files created
# Try to guess what file this dependency file is from...
# Ugly bootstrap hack to get to-be-generated files created
# Try to guess what file this dependency file is from...
# Ugly bootstrap hack to get to-be-generated files created
# Try to guess what file this dependency file is from...
# Ugly bootstrap hack to get to-be-generated files created
# Try to guess what file this dependency file is from...
# Ugly bootstrap hack to get to-be-generated files created
# Try to guess what file this dependency file is from...
# Ugly bootstrap hack to get to-be-generated files created
# Try to guess what file this dependency file is from...
# Ugly bootstrap hack to get to-be-generated files created
# Try to guess what file this dependency file is from...
# Ugly bootstrap hack to get to-be-generated files created
# Try to guess what file this dependency file is from...
# Ugly bootstrap hack to get to-be-generated files created
# Try to guess what file this dependency file is from...
# Ugly bootstrap hack to get to-be-generated files created
# Try to guess what file this dependency file is from...
# Ugly bootstrap hack to get to-be-generated files created
# Try to guess what file this dependency file is from...
# Ugly bootstrap hack to get to-be-generated files created
# Try to guess what file this dependency file is from...
# Ugly bootstrap hack to get to-be-generated files created
# Try to guess what file this dependency file is from...
# Ugly bootstrap hack to get to-be-generated files created
# Try to guess what file this dependency file is from...
# Ugly bootstrap hack to get to-be-generated files created
# Try to guess what file this dependency file is from...
# Ugly bootstrap hack to get to-be-generated files created
# Try to guess what file this dependency file is from...
# Ugly bootstrap hack to get to-be-generated files created
# Try to guess what file this dependency file is from...
# Ugly bootstrap hack to get to-be-generated files created
# Try to guess what file this dependency file is from...
# Ugly bootstrap hack to get to-be-generated files created
# Try to guess what file this dependency file is from...
# Ugly bootstrap hack to get to-be-generated files created
# Try to guess what file this dependency file is from...
# Ugly bootstrap hack to get to-be-generated files created
# Try to guess what file this dependency file is from...
# Ugly bootstrap hack to get to-be-generated files created
# Try to guess what file this dependency file is from...
# Ugly bootstrap hack to get to-be-generated files created
# Try to guess what file this dependency file is from...
# Ugly bootstrap hack to get to-be-generated files created
# Try to guess what file this dependency file is from...
# Ugly bootstrap hack to get to-be-generated files created
# Try to guess what file this dependency file is from...
# Ugly bootstrap hack to get to-be-generated files created
# Try to guess what file this dependency file is from...
# Ugly bootstrap hack to get to-be-generated files created
# Try to guess what file this dependency file is from...
# Ugly bootstrap hack to get to-be-generated files created
# Try to guess what file this dependency file is from...
# Ugly bootstrap hack to get to-be-generated files created
# Try to guess what file this dependency file is from...
# Ugly bootstrap hack to get to-be-generated files created
# Try to guess what file this dependency file is from...
# Ugly bootstrap hack to get to-be-generated files created
# Try to guess what file this dependency file is from...
# Ugly bootstrap hack to get to-be-generated files created
# Try to guess what file this dependency file is from...
# Ugly bootstrap hack to get to-be-generated files created
# Try to guess what file this dependency file is from...
# Ugly bootstrap hack to get to-be-generated files created
# Try to guess what file this dependency file is from...
# Ugly bootstrap hack to get to-be-generated files created
# Try to guess what file this dependency file is from...
# Ugly bootstrap hack to get to-be-generated files created
# Try to guess what file this dependency file is from...
# Ugly bootstrap hack to get to-be-generated files created
# Try to guess what file this dependency file is from...
# Ugly bootstrap hack to get to-be-generated files created
# Try to guess what file this dependency file is from...
# Ugly bootstrap hack to get to-be-generated files created
# Try to guess what file this dependency file is from...
# Ugly bootstrap hack to get to-be-generated files created
# Try to guess what file this dependency file is from...
# Ugly bootstrap hack to get to-be-generated files created
# Try to guess what file this dependency file is from...
# Ugly bootstrap hack to get to-be-generated files created
# Try to guess what file this dependency file is from...
# Ugly bootstrap hack to get to-be-generated files created
# Try to guess what file this dependency file is from...
# Ugly bootstrap hack to get to-be-generated files created
# Try to guess what file this dependency file is from...
# Ugly bootstrap hack to get to-be-generated files created
# Try to guess what file this dependency file is from...
# Ugly bootstrap hack to get to-be-generated files created
# Try to guess what file this dependency file is from...
# Ugly bootstrap hack to get to-be-generated files created
# Try to guess what file this dependency file is from...
# Ugly bootstrap hack to get to-be-generated files created
# Try to guess what file this dependency file is from...
# Ugly bootstrap hack to get to-be-generated files created
# Try to guess what file this dependency file is from...
# Ugly bootstrap hack to get to-be-generated files created
# Try to guess what file this dependency file is from...
# Ugly bootstrap hack to get to-be-generated files created
# Try to guess what file this dependency file is from...
# Ugly bootstrap hack to get to-be-generated files created
# Try to guess what file this dependency file is from...
# Ugly bootstrap hack to get to-be-generated files created
# Try to guess what file this dependency file is from...
# Ugly bootstrap hack to get to-be-generated files created
# Try to guess what file this dependency file is from...
# Ugly bootstrap hack to get to-be-generated files created
# Try to guess what file this dependency file is from...
# Ugly bootstrap hack to get to-be-generated files created
# Try to guess what file this dependency file is from...
# Ugly bootstrap hack to get to-be-generated files created
# Try to guess what file this dependency file is from...
# Ugly bootstrap hack to get to-be-generated files created
# Try to guess what file this dependency file is from...
# Ugly bootstrap hack to get to-be-generated files created
# Try to guess what file this dependency file is from...
# Ugly bootstrap hack to get to-be-generated files created
# Try to guess what file this dependency file is from...
# Ugly bootstrap hack to get to-be-generated files created
# Try to guess what file this dependency file is from...
# Ugly bootstrap hack to get to-be-generated files created
# Try to guess what file this dependency file is from...
# Ugly bootstrap hack to get to-be-generated files created
# Try to guess what file this dependency file is from...
# Ugly bootstrap hack to get to-be-generated files created
# Try to guess what file this dependency file is from...
# Ugly bootstrap hack to get to-be-generated files created
# Try to guess what file this dependency file is from...
# Ugly bootstrap hack to get to-be-generated files created
# Try to guess what file this dependency file is from...
# Ugly bootstrap hack to get to-be-generated files created
# Try to guess what file this dependency file is from...
# Ugly bootstrap hack to get to-be-generated files created
# Try to guess what file this dependency file is from...
# Ugly bootstrap hack to get to-be-generated files created
# Try to guess what file this dependency file is from...
# Ugly bootstrap hack to get to-be-generated files created
# Try to guess what file this dependency file is from...
# Ugly bootstrap hack to get to-be-generated files created
# Try to guess what file this dependency file is from...
# Ugly bootstrap hack to get to-be-generated files created
# Try to guess what file this dependency file is from...
# Ugly bootstrap hack to get to-be-generated files created
# Try to guess what file this dependency file is from...
# Ugly bootstrap hack to get to-be-generated files created
# Try to guess what file this dependency file is from...
# Ugly bootstrap hack to get to-be-generated files created
# Try to guess what file this dependency file is from...
# Ugly bootstrap hack to get to-be-generated files created
# Try to guess what file this dependency file is from...
# Ugly bootstrap hack to get to-be-generated files created
# Try to guess what file this dependency file is from...
# Ugly bootstrap hack to get to-be-generated files created
# Try to guess what file this dependency file is from...
# Ugly bootstrap hack to get to-be-generated files created
# Try to guess what file this dependency file is from...
# Ugly bootstrap hack to get to-be-generated files created
# Try to guess what file this dependency file is from...
# Ugly bootstrap hack to get to-be-generated files created
# Try to guess what file this dependency file is from...
# Ugly bootstrap hack to get to-be-generated files created
# Try to guess what file this dependency file is from...
# Ugly bootstrap hack to get to-be-generated files created
# Try to guess what file this dependency file is from...
# Ugly bootstrap hack to get to-be-generated files created
# Try to guess what file this dependency file is from...
# Ugly bootstrap hack to get to-be-generated files created
# Try to guess what file this dependency file is from...
# Ugly bootstrap hack to get to-be-generated files created
# Try to guess what file this dependency file is from...
# Ugly bootstrap hack to get to-be-generated files created
# Try to guess what file this dependency file is from...
# Ugly bootstrap hack to get to-be-generated files created
# Try to guess what file this dependency file is from...
# Ugly bootstrap hack to get to-be-generated files created
# Try to guess what file this dependency file is from...
# Ugly bootstrap hack to get to-be-generated files created
# Try to guess what file this dependency file is from...
# Ugly bootstrap hack to get to-be-generated files created
# Try to guess what file this dependency file is from...
# Ugly bootstrap hack to get to-be-generated files created
# Try to guess what file this dependency file is from...
# Ugly bootstrap hack to get to-be-generated files created
# Try to guess what file this dependency file is from...
# Ugly bootstrap hack to get to-be-generated files created
# Try to guess what file this dependency file is from...
# Ugly bootstrap hack to get to-be-generated files created
# Try to guess what file this dependency file is from...
# Ugly bootstrap hack to get to-be-generated files created
# Try to guess what file this dependency file is from...
# Ugly bootstrap hack to get to-be-generated files created
# Try to guess what file this dependency file is from...
# Ugly bootstrap hack to get to-be-generated files created
# Try to guess what file this dependency file is from...
# Ugly bootstrap hack to get to-be-generated files created
# Try to guess what file this dependency file is from...
# Ugly bootstrap hack to get to-be-generated files created
# Try to guess what file this dependency file is from...
# Ugly bootstrap hack to get to-be-generated files created
# Try to guess what file this dependency file is from...
# Ugly bootstrap hack to get to-be-generated files created
# Try to guess what file this dependency file is from...
# Ugly bootstrap hack to get to-be-generated files created
# Try to guess what file this dependency file is from...
# Ugly bootstrap hack to get to-be-generated files created
# Try to guess what file this dependency file is from...
# Ugly bootstrap hack to get to-be-generated files created
# Try to guess what file this dependency file is from...
# Ugly bootstrap hack to get to-be-generated files created
# Try to guess what file this dependency file is from...
# Ugly bootstrap hack to get to-be-generated files created
# Try to guess what file this dependency file is from...
# Ugly bootstrap hack to get to-be-generated files created
# Try to guess what file this dependency file is from...
# Ugly bootstrap hack to get to-be-generated files created
# Try to guess what file this dependency file is from...
# Ugly bootstrap hack to get to-be-generated files created
# Try to guess what file this dependency file is from...
# Ugly bootstrap hack to get to-be-generated files created
# Try to guess what file this dependency file is from...
# Ugly bootstrap hack to get to-be-generated files created
# Try to guess what file this dependency file is from...
# Ugly bootstrap hack to get to-be-generated files created
# Try to guess what file this dependency file is from...
# Ugly bootstrap hack to get to-be-generated files created
# Try to guess what file this dependency file is from...
# Ugly bootstrap hack to get to-be-generated files created
# Try to guess what file this dependency file is from...
# Ugly bootstrap hack to get to-be-generated files created
# Try to guess what file this dependency file is from...
# Ugly bootstrap hack to get to-be-generated files created
# Try to guess what file this dependency file is from...
# Ugly bootstrap hack to get to-be-generated files created
# Try to guess what file this dependency file is from...
# Ugly bootstrap hack to get to-be-generated files created
# Try to guess what file this dependency file is from...
# Ugly bootstrap hack to get to-be-generated files created
# Try to guess what file this dependency file is from...
# Ugly bootstrap hack to get to-be-generated files created
# Try to guess what file this dependency file is from...
# Ugly bootstrap hack to get to-be-generated files created
# Try to guess what file this dependency file is from...
# Ugly bootstrap hack to get to-be-generated files created
# Try to guess what file this dependency file is from...
# Ugly bootstrap hack to get to-be-generated files created
# Try to guess what file this dependency file is from...
# Ugly bootstrap hack to get to-be-generated files created
# Try to guess what file this dependency file is from...
# Ugly bootstrap hack to get to-be-generated files created
# Try to guess what file this dependency file is from...
# Ugly bootstrap hack to get to-be-generated files created
# Try to guess what file this dependency file is from...
# Ugly bootstrap hack to get to-be-generated files created
# Try to guess what file this dependency file is from...
# Ugly bootstrap hack to get to-be-generated files created
# Try to guess what file this dependency file is from...
# Ugly bootstrap hack to get to-be-generated files created
# Try to guess what file this dependency file is from...
# Ugly bootstrap hack to get to-be-generated files created
# Try to guess what file this dependency file is from...
# Ugly bootstrap hack to get to-be-generated files created
# Try to guess what file this dependency file is from...
# Ugly bootstrap hack to get to-be-generated files created
# Try to guess what file this dependency file is from...
# Ugly bootstrap hack to get to-be-generated files created
# Try to guess what file this dependency file is from...
# Ugly bootstrap hack to get to-be-generated files created
# Try to guess what file this dependency file is from...
# Ugly bootstrap hack to get to-be-generated files created
# Try to guess what file this dependency file is from...
# Ugly bootstrap hack to get to-be-generated files created
# Try to guess what file this dependency file is from...
# Ugly bootstrap hack to get to-be-generated files created
# Try to guess what file this dependency file is from...
# Ugly bootstrap hack to get to-be-generated files created
# Try to guess what file this dependency file is from...
# Ugly bootstrap hack to get to-be-generated files created
# Try to guess what file this dependency file is from...
# Ugly bootstrap hack to get to-be-generated files created
# Try to guess what file this dependency file is from...
# Ugly bootstrap hack to get to-be-generated files created
# Try to guess what file this dependency file is from...
# Ugly bootstrap hack to get to-be-generated files created
# Try to guess what file this dependency file is from...
# Ugly bootstrap hack to get to-be-generated files created
# Try to guess what file this dependency file is from...
# Ugly bootstrap hack to get to-be-generated files created
# Try to guess what file this dependency file is from...
# Ugly bootstrap hack to get to-be-generated files created
# Try to guess what file this dependency file is from...
# Ugly bootstrap hack to get to-be-generated files created
# Try to guess what file this dependency file is from...
# Ugly bootstrap hack to get to-be-generated files created
# Try to guess what file this dependency file is from...
# Ugly bootstrap hack to get to-be-generated files created
# Try to guess what file this dependency file is from...
# Ugly bootstrap hack to get to-be-generated files created
# Try to guess what file this dependency file is from...
# Ugly bootstrap hack to get to-be-generated files created
# Try to guess what file this dependency file is from...
# Ugly bootstrap hack to get to-be-generated files created
# Try to guess what file this dependency file is from...
# Ugly bootstrap hack to get to-be-generated files created
# Try to guess what file this dependency file is from...
# Ugly bootstrap hack to get to-be-generated files created
# Try to guess what file this dependency file is from...
# Ugly bootstrap hack to get to-be-generated files created
# Try to guess what file this dependency file is from...
# Ugly bootstrap hack to get to-be-generated files created
# Try to guess what file this dependency file is from...
# Ugly bootstrap hack to get to-be-generated files created
# Try to guess what file this dependency file is from...
# Ugly bootstrap hack to get to-be-generated files created
# Try to guess what file this dependency file is from...
# Ugly bootstrap hack to get to-be-generated files created
# Try to guess what file this dependency file is from...
# Ugly bootstrap hack to get to-be-generated files created
# Try to guess what file this dependency file is from...
# Ugly bootstrap hack to get to-be-generated files created
# Try to guess what file this dependency file is from...
# Ugly bootstrap hack to get to-be-generated files created
# Try to guess what file this dependency file is from...
# Ugly bootstrap hack to get to-be-generated files created
# Try to guess what file this dependency file is from...
# Ugly bootstrap hack to get to-be-generated files created
# Try to guess what file this dependency file is from...
# Ugly bootstrap hack to get to-be-generated files created
# Try to guess what file this dependency file is from...
# Ugly bootstrap hack to get to-be-generated files created
# Try to guess what file this dependency file is from...
# Ugly bootstrap hack to get to-be-generated files created
# Try to guess what file this dependency file is from...
# Ugly bootstrap hack to get to-be-generated files created
# Try to guess what file this dependency file is from...
# Ugly bootstrap hack to get to-be-generated files created
# Try to guess what file this dependency file is from...
# Ugly bootstrap hack to get to-be-generated files created
# Try to guess what file this dependency file is from...
# Ugly bootstrap hack to get to-be-generated files created
# Try to guess what file this dependency file is from...
# Ugly bootstrap hack to get to-be-generated files created
# Try to guess what file this dependency file is from...
# Ugly bootstrap hack to get to-be-generated files created
# Try to guess what file this dependency file is from...
# Ugly bootstrap hack to get to-be-generated files created
# Try to guess what file this dependency file is from...
# Ugly bootstrap hack to get to-be-generated files created
# Try to guess what file this dependency file is from...
# Ugly bootstrap hack to get to-be-generated files created
# Try to guess what file this dependency file is from...
# Ugly bootstrap hack to get to-be-generated files created
# Try to guess what file this dependency file is from...
# Ugly bootstrap hack to get to-be-generated files created
# Try to guess what file this dependency file is from...
# Ugly bootstrap hack to get to-be-generated files created
# Try to guess what file this dependency file is from...
# Ugly bootstrap hack to get to-be-generated files created
# Try to guess what file this dependency file is from...
# Ugly bootstrap hack to get to-be-generated files created
# Try to guess what file this dependency file is from...
# Ugly bootstrap hack to get to-be-generated files created
# Try to guess what file this dependency file is from...
# Ugly bootstrap hack to get to-be-generated files created
# Try to guess what file this dependency file is from...
# Ugly bootstrap hack to get to-be-generated files created
# Try to guess what file this dependency file is from...
# Ugly bootstrap hack to get to-be-generated files created
# Try to guess what file this dependency file is from...
# Ugly bootstrap hack to get to-be-generated files created
# Try to guess what file this dependency file is from...
# Ugly bootstrap hack to get to-be-generated files created
# Try to guess what file this dependency file is from...
# Ugly bootstrap hack to get to-be-generated files created
# Try to guess what file this dependency file is from...
# Ugly bootstrap hack to get to-be-generated files created
# Try to guess what file this dependency file is from...
# Ugly bootstrap hack to get to-be-generated files created
# Try to guess what file this dependency file is from...
# Ugly bootstrap hack to get to-be-generated files created
# Try to guess what file this dependency file is from...
# Ugly bootstrap hack to get to-be-generated files created
# Try to guess what file this dependency file is from...
# Ugly bootstrap hack to get to-be-generated files created
# Try to guess what file this dependency file is from...
# Ugly bootstrap hack to get to-be-generated files created
# Try to guess what file this dependency file is from...
# Ugly bootstrap hack to get to-be-generated files created
# Try to guess what file this dependency file is from...
# Ugly bootstrap hack to get to-be-generated files created
# Try to guess what file this dependency file is from...
# Ugly bootstrap hack to get to-be-generated files created
# Try to guess what file this dependency file is from...
# Ugly bootstrap hack to get to-be-generated files created
# Try to guess what file this dependency file is from...
# Ugly bootstrap hack to get to-be-generated files created
# Try to guess what file this dependency file is from...
# Ugly bootstrap hack to get to-be-generated files created
# Try to guess what file this dependency file is from...
# Ugly bootstrap hack to get to-be-generated files created
# Try to guess what file this dependency file is from...
# Ugly bootstrap hack to get to-be-generated files created
# Try to guess what file this dependency file is from...
# Ugly bootstrap hack to get to-be-generated files created
# Try to guess what file this dependency file is from...
# Ugly bootstrap hack to get to-be-generated files created
# Try to guess what file this dependency file is from...
# Ugly bootstrap hack to get to-be-generated files created
# Try to guess what file this dependency file is from...
# Ugly bootstrap hack to get to-be-generated files created
# Try to guess what file this dependency file is from...
# Ugly bootstrap hack to get to-be-generated files created
# Try to guess what file this dependency file is from...
# Ugly bootstrap hack to get to-be-generated files created
# Try to guess what file this dependency file is from...
# Ugly bootstrap hack to get to-be-generated files created
# Try to guess what file this dependency file is from...
# Ugly bootstrap hack to get to-be-generated files created
# Try to guess what file this dependency file is from...
# Ugly bootstrap hack to get to-be-generated files created
# Try to guess what file this dependency file is from...
# Ugly bootstrap hack to get to-be-generated files created
# Try to guess what file this dependency file is from...
# Ugly bootstrap hack to get to-be-generated files created
# Try to guess what file this dependency file is from...
# Ugly bootstrap hack to get to-be-generated files created
# Try to guess what file this dependency file is from...
# Ugly bootstrap hack to get to-be-generated files created
# Try to guess what file this dependency file is from...
# Ugly bootstrap hack to get to-be-generated files created
# Try to guess what file this dependency file is from...
# Ugly bootstrap hack to get to-be-generated files created
# Try to guess what file this dependency file is from...
# Ugly bootstrap hack to get to-be-generated files created
# Try to guess what file this dependency file is from...
# Ugly bootstrap hack to get to-be-generated files created
# Try to guess what file this dependency file is from...
# Ugly bootstrap hack to get to-be-generated files created
# Try to guess what file this dependency file is from...
# Ugly bootstrap hack to get to-be-generated files created
# Try to guess what file this dependency file is from...
# Ugly bootstrap hack to get to-be-generated files created
# Try to guess what file this dependency file is from...
# Ugly bootstrap hack to get to-be-generated files created
# Try to guess what file this dependency file is from...
# Ugly bootstrap hack to get to-be-generated files created
# Try to guess what file this dependency file is from...
# Ugly bootstrap hack to get to-be-generated files created
# Try to guess what file this dependency file is from...
# Ugly bootstrap hack to get to-be-generated files created
# Try to guess what file this dependency file is from...
# Ugly bootstrap hack to get to-be-generated files created
# Try to guess what file this dependency file is from...
# Ugly bootstrap hack to get to-be-generated files created
# Try to guess what file this dependency file is from...
# Ugly bootstrap hack to get to-be-generated files created
# Try to guess what file this dependency file is from...
# Ugly bootstrap hack to get to-be-generated files created
# Try to guess what file this dependency file is from...
# Ugly bootstrap hack to get to-be-generated files created
# Try to guess what file this dependency file is from...
# Ugly bootstrap hack to get to-be-generated files created
# Try to guess what file this dependency file is from...
# Ugly bootstrap hack to get to-be-generated files created
# Try to guess what file this dependency file is from...
# Ugly bootstrap hack to get to-be-generated files created
# Try to guess what file this dependency file is from...
# Ugly bootstrap hack to get to-be-generated files created
# Try to guess what file this dependency file is from...
# Ugly bootstrap hack to get to-be-generated files created
# Try to guess what file this dependency file is from...
# Ugly bootstrap hack to get to-be-generated files created
# Try to guess what file this dependency file is from...
# Ugly bootstrap hack to get to-be-generated files created
# Try to guess what file this dependency file is from...
# Ugly bootstrap hack to get to-be-generated files created
# Try to guess what file this dependency file is from...
# Ugly bootstrap hack to get to-be-generated files created
# Try to guess what file this dependency file is from...
# Ugly bootstrap hack to get to-be-generated files created
# Try to guess what file this dependency file is from...
# Ugly bootstrap hack to get to-be-generated files created
# Try to guess what file this dependency file is from...
# Ugly bootstrap hack to get to-be-generated files created
# Try to guess what file this dependency file is from...
# Ugly bootstrap hack to get to-be-generated files created
# Try to guess what file this dependency file is from...
# Ugly bootstrap hack to get to-be-generated files created
# Try to guess what file this dependency file is from...
# Ugly bootstrap hack to get to-be-generated files created
# Try to guess what file this dependency file is from...
# Ugly bootstrap hack to get to-be-generated files created
# Try to guess what file this dependency file is from...
# Ugly bootstrap hack to get to-be-generated files created
# Try to guess what file this dependency file is from...
# Ugly bootstrap hack to get to-be-generated files created
# Try to guess what file this dependency file is from...
# Ugly bootstrap hack to get to-be-generated files created
# Try to guess what file this dependency file is from...
# Ugly bootstrap hack to get to-be-generated files created
# Try to guess what file this dependency file is from...
# Ugly bootstrap hack to get to-be-generated files created
# Try to guess what file this dependency file is from...
# Ugly bootstrap hack to get to-be-generated files created
# Try to guess what file this dependency file is from...
# Ugly bootstrap hack to get to-be-generated files created
# Try to guess what file this dependency file is from...
# Ugly bootstrap hack to get to-be-generated files created
# Try to guess what file this dependency file is from...
# Ugly bootstrap hack to get to-be-generated files created
# Try to guess what file this dependency file is from...
# Ugly bootstrap hack to get to-be-generated files created
# Try to guess what file this dependency file is from...
# Ugly bootstrap hack to get to-be-generated files created
# Try to guess what file this dependency file is from...
# Ugly bootstrap hack to get to-be-generated files created
# Try to guess what file this dependency file is from...
# Ugly bootstrap hack to get to-be-generated files created
# Try to guess what file this dependency file is from...
# Ugly bootstrap hack to get to-be-generated files created
# Try to guess what file this dependency file is from...
# Ugly bootstrap hack to get to-be-generated files created
# Try to guess what file this dependency file is from...
# Ugly bootstrap hack to get to-be-generated files created
# Try to guess what file this dependency file is from...
# Ugly bootstrap hack to get to-be-generated files created
# Try to guess what file this dependency file is from...
# Ugly bootstrap hack to get to-be-generated files created
# Try to guess what file this dependency file is from...
# Ugly bootstrap hack to get to-be-generated files created
# Try to guess what file this dependency file is from...
# Ugly bootstrap hack to get to-be-generated files created
# Try to guess what file this dependency file is from...
# Ugly bootstrap hack to get to-be-generated files created
# Try to guess what file this dependency file is from...
# Ugly bootstrap hack to get to-be-generated files created
# Try to guess what file this dependency file is from...
# Ugly bootstrap hack to get to-be-generated files created
# Try to guess what file this dependency file is from...
# Ugly bootstrap hack to get to-be-generated files created
# Try to guess what file this dependency file is from...
# Ugly bootstrap hack to get to-be-generated files created
# Try to guess what file this dependency file is from...
# Ugly bootstrap hack to get to-be-generated files created
# Try to guess what file this dependency file is from...
# Ugly bootstrap hack to get to-be-generated files created
# Try to guess what file this dependency file is from...
# Ugly bootstrap hack to get to-be-generated files created
# Try to guess what file this dependency file is from...
# Ugly bootstrap hack to get to-be-generated files created
# Try to guess what file this dependency file is from...
# Ugly bootstrap hack to get to-be-generated files created
# Try to guess what file this dependency file is from...
# Ugly bootstrap hack to get to-be-generated files created
# Try to guess what file this dependency file is from...
# Ugly bootstrap hack to get to-be-generated files created
# Try to guess what file this dependency file is from...
# Ugly bootstrap hack to get to-be-generated files created
# Try to guess what file this dependency file is from...
# Ugly bootstrap hack to get to-be-generated files created
# Try to guess what file this dependency file is from...
# Ugly bootstrap hack to get to-be-generated files created
# Try to guess what file this dependency file is from...
# Ugly bootstrap hack to get to-be-generated files created
# Try to guess what file this dependency file is from...
# Ugly bootstrap hack to get to-be-generated files created
# Try to guess what file this dependency file is from...
# Ugly bootstrap hack to get to-be-generated files created
# Try to guess what file this dependency file is from...
# Ugly bootstrap hack to get to-be-generated files created
# Try to guess what file this dependency file is from...
# Ugly bootstrap hack to get to-be-generated files created
# Try to guess what file this dependency file is from...
# Ugly bootstrap hack to get to-be-generated files created
# Try to guess what file this dependency file is from...
# Ugly bootstrap hack to get to-be-generated files created
# Try to guess what file this dependency file is from...
# Ugly bootstrap hack to get to-be-generated files created
# Try to guess what file this dependency file is from...
# Ugly bootstrap hack to get to-be-generated files created
# Try to guess what file this dependency file is from...
# Ugly bootstrap hack to get to-be-generated files created
# Try to guess what file this dependency file is from...
# Ugly bootstrap hack to get to-be-generated files created
# Try to guess what file this dependency file is from...
# Ugly bootstrap hack to get to-be-generated files created
# Try to guess what file this dependency file is from...
# Ugly bootstrap hack to get to-be-generated files created
# Try to guess what file this dependency file is from...
# Ugly bootstrap hack to get to-be-generated files created
# Try to guess what file this dependency file is from...
# Ugly bootstrap hack to get to-be-generated files created
# Try to guess what file this dependency file is from...
# Ugly bootstrap hack to get to-be-generated files created
# Try to guess what file this dependency file is from...
# Ugly bootstrap hack to get to-be-generated files created
# Try to guess what file this dependency file is from...
# Ugly bootstrap hack to get to-be-generated files created
# Try to guess what file this dependency file is from...
# Ugly bootstrap hack to get to-be-generated files created
# Try to guess what file this dependency file is from...
# Ugly bootstrap hack to get to-be-generated files created
# Try to guess what file this dependency file is from...
# Ugly bootstrap hack to get to-be-generated files created
# Try to guess what file this dependency file is from...
# Ugly bootstrap hack to get to-be-generated files created
# Try to guess what file this dependency file is from...
# Ugly bootstrap hack to get to-be-generated files created
# Try to guess what file this dependency file is from...
# Ugly bootstrap hack to get to-be-generated files created
# Try to guess what file this dependency file is from...
# Ugly bootstrap hack to get to-be-generated files created
# Try to guess what file this dependency file is from...
# Ugly bootstrap hack to get to-be-generated files created
# Try to guess what file this dependency file is from...
# Ugly bootstrap hack to get to-be-generated files created
# Try to guess what file this dependency file is from...
# Ugly bootstrap hack to get to-be-generated files created
# Try to guess what file this dependency file is from...
# Ugly bootstrap hack to get to-be-generated files created
# Try to guess what file this dependency file is from...
# Ugly bootstrap hack to get to-be-generated files created
# Try to guess what file this dependency file is from...
# Ugly bootstrap hack to get to-be-generated files created
# Try to guess what file this dependency file is from...
# Ugly bootstrap hack to get to-be-generated files created
# Try to guess what file this dependency file is from...
# Ugly bootstrap hack to get to-be-generated files created
# Try to guess what file this dependency file is from...
# Ugly bootstrap hack to get to-be-generated files created
# Try to guess what file this dependency file is from...
# Ugly bootstrap hack to get to-be-generated files created
# Try to guess what file this dependency file is from...
# Ugly bootstrap hack to get to-be-generated files created
# Try to guess what file this dependency file is from...
# Ugly bootstrap hack to get to-be-generated files created
# Try to guess what file this dependency file is from...
# Ugly bootstrap hack to get to-be-generated files created
# Try to guess what file this dependency file is from...
# Ugly bootstrap hack to get to-be-generated files created
# Try to guess what file this dependency file is from...
# Ugly bootstrap hack to get to-be-generated files created
# Try to guess what file this dependency file is from...
# Ugly bootstrap hack to get to-be-generated files created
# Try to guess what file this dependency file is from...
# Ugly bootstrap hack to get to-be-generated files created
# Try to guess what file this dependency file is from...
# Ugly bootstrap hack to get to-be-generated files created
# Try to guess what file this dependency file is from...
# Ugly bootstrap hack to get to-be-generated files created
# Try to guess what file this dependency file is from...
# Ugly bootstrap hack to get to-be-generated files created
# Try to guess what file this dependency file is from...
# Ugly bootstrap hack to get to-be-generated files created
# Try to guess what file this dependency file is from...
# Ugly bootstrap hack to get to-be-generated files created
# Try to guess what file this dependency file is from...
# Ugly bootstrap hack to get to-be-generated files created
# Try to guess what file this dependency file is from...
# Ugly bootstrap hack to get to-be-generated files created
# Try to guess what file this dependency file is from...
# Ugly bootstrap hack to get to-be-generated files created
# Try to guess what file this dependency file is from...
# Ugly bootstrap hack to get to-be-generated files created
# Try to guess what file this dependency file is from...
# Ugly bootstrap hack to get to-be-generated files created
# Try to guess what file this dependency file is from...
# Ugly bootstrap hack to get to-be-generated files created
# Try to guess what file this dependency file is from...
# Ugly bootstrap hack to get to-be-generated files created
# Try to guess what file this dependency file is from...
# Ugly bootstrap hack to get to-be-generated files created
# Try to guess what file this dependency file is from...
# Ugly bootstrap hack to get to-be-generated files created
# Try to guess what file this dependency file is from...
# Ugly bootstrap hack to get to-be-generated files created
# Try to guess what file this dependency file is from...
# Ugly bootstrap hack to get to-be-generated files created
# Try to guess what file this dependency file is from...
# Ugly bootstrap hack to get to-be-generated files created
# Try to guess what file this dependency file is from...
# Ugly bootstrap hack to get to-be-generated files created
# Try to guess what file this dependency file is from...
# Ugly bootstrap hack to get to-be-generated files created
# Try to guess what file this dependency file is from...
# Ugly bootstrap hack to get to-be-generated files created
# Try to guess what file this dependency file is from...
# Ugly bootstrap hack to get to-be-generated files created
# Try to guess what file this dependency file is from...
# Ugly bootstrap hack to get to-be-generated files created
# Try to guess what file this dependency file is from...
# Ugly bootstrap hack to get to-be-generated files created
# Try to guess what file this dependency file is from...
# Ugly bootstrap hack to get to-be-generated files created
# Try to guess what file this dependency file is from...
# Ugly bootstrap hack to get to-be-generated files created
# Try to guess what file this dependency file is from...
# Ugly bootstrap hack to get to-be-generated files created
# Try to guess what file this dependency file is from...
# Ugly bootstrap hack to get to-be-generated files created
# Try to guess what file this dependency file is from...
# Ugly bootstrap hack to get to-be-generated files created
# Try to guess what file this dependency file is from...
# Ugly bootstrap hack to get to-be-generated files created
# Try to guess what file this dependency file is from...
# Ugly bootstrap hack to get to-be-generated files created
# Try to guess what file this dependency file is from...
# Ugly bootstrap hack to get to-be-generated files created
# Try to guess what file this dependency file is from...
# Ugly bootstrap hack to get to-be-generated files created
# Try to guess what file this dependency file is from...
# Ugly bootstrap hack to get to-be-generated files created
# Try to guess what file this dependency file is from...
# Ugly bootstrap hack to get to-be-generated files created
# Try to guess what file this dependency file is from...
# Ugly bootstrap hack to get to-be-generated files created
# Try to guess what file this dependency file is from...
# Ugly bootstrap hack to get to-be-generated files created
# Try to guess what file this dependency file is from...
# Ugly bootstrap hack to get to-be-generated files created
# Try to guess what file this dependency file is from...
# Ugly bootstrap hack to get to-be-generated files created
# Try to guess what file this dependency file is from...
# Ugly bootstrap hack to get to-be-generated files created
# Try to guess what file this dependency file is from...
# Ugly bootstrap hack to get to-be-generated files created
# Try to guess what file this dependency file is from...
# Ugly bootstrap hack to get to-be-generated files created
# Try to guess what file this dependency file is from...
config.status:1559: $? = 0

## ---------------- ##
## Cache variables. ##
## ---------------- ##

ac_cv_build=x86_64-pc-linux-gnu
ac_cv_c_compiler_gnu=yes
ac_cv_env_CCASFLAGS_set=
ac_cv_env_CCASFLAGS_value=
ac_cv_env_CCAS_set=
ac_cv_env_CCAS_value=
ac_cv_env_CC_set=set
ac_cv_env_CC_value=/usr/share/clang/scan-build-18/bin/../libexec/ccc-analyzer
ac_cv_env_CFLAGS_set=
ac_cv_env_CFLAGS_value=
ac_cv_env_CPPFLAGS_set=
ac_cv_env_CPPFLAGS_value=
ac_cv_env_CPP_set=
ac_cv_env_CPP_value=
ac_cv_env_LDFLAGS_set=
ac_cv_env_LDFLAGS_value=
ac_cv_env_LIBS_set=
ac_cv_env_LIBS_value=
ac_cv_env_MIG_set=
ac_cv_env_MIG_value=
ac_cv_env_USER_CC_set=
ac_cv_env_USER_CC_value=
ac_cv_env_USER_CFLAGS_set=
ac_cv_env_USER_CFLAGS_value=
ac_cv_env_USER_CPPFLAGS_set=
ac_cv_env_USER_CPPFLAGS_value=
ac_cv_env_USER_CPP_set=
ac_cv_env_USER_CPP_value=
ac_cv_env_USER_MIG_set=
ac_cv_env_USER_MIG_value=
ac_cv_env_build_alias_set=
ac_cv_env_build_alias_value=
ac_cv_env_host_alias_set=set
ac_cv_env_host_alias_value=i686-gnu
ac_cv_env_target_alias_set=
ac_cv_env_target_alias_value=
ac_cv_host=i686-pc-gnu
ac_cv_objext=o
ac_cv_path_install='/usr/bin/install -c'
ac_cv_path_mkdir=/usr/bin/mkdir
ac_cv_prog_AWK=gawk
ac_cv_prog_CC=/usr/share/clang/scan-build-18/bin/../libexec/ccc-analyzer
ac_cv_prog_CPP='/usr/share/clang/scan-build-18/bin/../libexec/ccc-analyzer -E'
ac_cv_prog_GZIP=gzip
ac_cv_prog_PATCH=patch
ac_cv_prog_STRIP=strip
ac_cv_prog_USER_CC=none
ac_cv_prog_USER_CPP=none
ac_cv_prog_ac_ct_AR=ar
ac_cv_prog_ac_ct_LD=ld
ac_cv_prog_ac_ct_NM=nm
ac_cv_prog_ac_ct_RANLIB=ranlib
ac_cv_prog_ac_ct_STRIP=strip
ac_cv_prog_cc_c11=
ac_cv_prog_cc_g=yes
ac_cv_prog_cc_stdc=
ac_cv_prog_make_make_set=yes
am_cv_CCAS_dependencies_compiler_type=gcc3
am_cv_CC_dependencies_compiler_type=gcc3
am_cv_make_support_nested_variables=yes
am_cv_prog_cc_c_o=yes

## ----------------- ##
## Output variables. ##
## ----------------- ##

ACLOCAL='${SHELL} '\''/home/runner/work/cognu-mach/cognu-mach/build-aux/missing'\'' aclocal-1.16'
AMDEPBACKSLASH='\'
AMDEP_FALSE='#'
AMDEP_TRUE=''
AMTAR='$${TAR-tar}'
AM_BACKSLASH='\'
AM_DEFAULT_V='$(AM_DEFAULT_VERBOSITY)'
AM_DEFAULT_VERBOSITY='1'
AM_V='$(V)'
AR='ar'
AUTOCONF='${SHELL} '\''/home/runner/work/cognu-mach/cognu-mach/build-aux/missing'\'' autoconf'
AUTOHEADER='${SHELL} '\''/home/runner/work/cognu-mach/cognu-mach/build-aux/missing'\'' autoheader'
AUTOMAKE='${SHELL} '\''/home/runner/work/cognu-mach/cognu-mach/build-aux/missing'\'' automake-1.16'
AWK='gawk'
CC='/usr/share/clang/scan-build-18/bin/../libexec/ccc-analyzer'
CCAS='/usr/share/clang/scan-build-18/bin/../libexec/ccc-analyzer'
CCASDEPMODE='depmode=gcc3'
CCASFLAGS='-g -O2 -ffreestanding -nostdlib'
CCDEPMODE='depmode=gcc3'
CFLAGS='-g -O2 -Wall -Wextra -Wstrict-aliasing -Wpointer-arith -Wmissing-prototypes -Wmissing-declarations -Wformat=2 -Wformat-security -Wold-style-definition -Wstrict-prototypes -Wno-unused-parameter -Wno-sign-compare'
CODE_linux_FALSE='#'
CODE_linux_TRUE=''
CPP='/usr/share/clang/scan-build-18/bin/../libexec/ccc-analyzer -E'
CPPFLAGS=''
CSCOPE='cscope'
CTAGS='ctags'
CYGPATH_W='echo'
DEFS='-DHAVE_CONFIG_H'
DEPDIR='.deps'
ECHO_C=''
ECHO_N='-n'
ECHO_T=''
ETAGS='etags'
EXEEXT=''
GZIP='gzip'
HOST_aarch64_FALSE=''
HOST_aarch64_TRUE='#'
HOST_ix86_FALSE='#'
HOST_ix86_TRUE=''
HOST_x86_64_FALSE=''
HOST_x86_64_TRUE='#'
INSTALL_DATA='${INSTALL} -m 644'
INSTALL_PROGRAM='${INSTALL}'
INSTALL_SCRIPT='${INSTALL}'
INSTALL_STRIP_PROGRAM='$(install_sh) -c -s'
LD='ld'
LDFLAGS=''
LIBOBJS=''
LIBS=''
LTLIBOBJS=''
MAKEINFO='${SHELL} '\''/home/runner/work/cognu-mach/cognu-mach/build-aux/missing'\'' makeinfo'
MIG='mig'
MKDIR_P='/usr/bin/mkdir -p'
NM='nm'
OBJEXT='o'
PACKAGE='gnumach'
PACKAGE_BUGREPORT='bug-hurd@gnu.org'
PACKAGE_NAME='GNU Mach'
PACKAGE_STRING='GNU Mach 1.8'
PACKAGE_TARNAME='gnumach'
PACKAGE_URL=''
PACKAGE_VERSION='1.8'
PATCH='patch'
PATH_SEPARATOR=':'
PLATFORM_at_FALSE='#'
PLATFORM_at_TRUE=''
PLATFORM_xen_FALSE=''
PLATFORM_xen_TRUE='#'
RANLIB='ranlib'
SET_MAKE=''
SHELL='/bin/bash'
STRIP='strip'
USER_CC='none'
USER_CFLAGS=''
USER_CPP='none'
USER_CPPFLAGS=''
USER_MIG=''
VERSION='1.8'
_START_MAP='0x1000000'
ac_ct_CC=''
am__EXEEXT_FALSE=''
am__EXEEXT_TRUE='#'
am__fastdepCCAS_FALSE='#'
am__fastdepCCAS_TRUE=''
am__fastdepCC_FALSE='#'
am__fastdepCC_TRUE=''
am__include='include'
am__isrc=' -I$(srcdir)'
am__leading_dot='.'
am__nodep='_no'
am__quote=''
am__tar='$${TAR-tar} chof - "$$tardir"'
am__untar='$${TAR-tar} xf -'
bindir='${exec_prefix}/bin'
build='x86_64-pc-linux-gnu'
build_alias=''
build_cpu='x86_64'
build_os='linux-gnu'
build_vendor='pc'
datadir='${datarootdir}'
datarootdir='${prefix}/share'
device_driver_3c501_FALSE='#'
device_driver_3c501_TRUE=''
device_driver_3c503_FALSE='#'
device_driver_3c503_TRUE=''
device_driver_3c505_FALSE='#'
device_driver_3c505_TRUE=''
device_driver_3c507_FALSE='#'
device_driver_3c507_TRUE=''
device_driver_3c509_FALSE='#'
device_driver_3c509_TRUE=''
device_driver_3c515_FALSE=''
device_driver_3c515_TRUE='#'
device_driver_3c574_cs_FALSE='#'
device_driver_3c574_cs_TRUE=''
device_driver_3c589_cs_FALSE='#'
device_driver_3c589_cs_TRUE=''
device_driver_3c59x_FALSE='#'
device_driver_3c59x_TRUE=''
device_driver_53c78xx_FALSE=''
device_driver_53c78xx_TRUE='#'
device_driver_AM53C974_FALSE=''
device_driver_AM53C974_TRUE='#'
device_driver_BusLogic_FALSE='#'
device_driver_BusLogic_TRUE=''
device_driver_NCR53c406a_FALSE=''
device_driver_NCR53c406a_TRUE='#'
device_driver_ac3200_FALSE='#'
device_driver_ac3200_TRUE=''
device_driver_advansys_FALSE='#'
device_driver_advansys_TRUE=''
device_driver_aha152x_FALSE='#'
device_driver_aha152x_TRUE=''
device_driver_aha1542_FALSE=''
device_driver_aha1542_TRUE='#'
device_driver_aha1740_FALSE='#'
device_driver_aha1740_TRUE=''
device_driver_aic7xxx_FALSE=''
device_driver_aic7xxx_TRUE='#'
device_driver_apricot_FALSE='#'
device_driver_apricot_TRUE=''
device_driver_at1700_FALSE='#'
device_driver_at1700_TRUE=''
device_driver_atp_FALSE=''
device_driver_atp_TRUE='#'
device_driver_axnet_cs_FALSE='#'
device_driver_axnet_cs_TRUE=''
device_driver_de4x5_FALSE='#'
device_driver_de4x5_TRUE=''
device_driver_de600_FALSE=''
device_driver_de600_TRUE='#'
device_driver_de620_FALSE=''
device_driver_de620_TRUE='#'
device_driver_depca_FALSE='#'
device_driver_depca_TRUE=''
device_driver_dtc_FALSE='#'
device_driver_dtc_TRUE=''
device_driver_e2100_FALSE='#'
device_driver_e2100_TRUE=''
device_driver_eata_FALSE=''
device_driver_eata_TRUE='#'
device_driver_eata_dma_FALSE=''
device_driver_eata_dma_TRUE='#'
device_driver_eata_pio_FALSE=''
device_driver_eata_pio_TRUE='#'
device_driver_eepro100_FALSE='#'
device_driver_eepro100_TRUE=''
device_driver_eepro_FALSE='#'
device_driver_eepro_TRUE=''
device_driver_eexpress_FALSE='#'
device_driver_eexpress_TRUE=''
device_driver_epic100_FALSE='#'
device_driver_epic100_TRUE=''
device_driver_eth16i_FALSE='#'
device_driver_eth16i_TRUE=''
device_driver_ewrk3_FALSE='#'
device_driver_ewrk3_TRUE=''
device_driver_fdomain_FALSE='#'
device_driver_fdomain_TRUE=''
device_driver_floppy_FALSE='#'
device_driver_floppy_TRUE=''
device_driver_fmv18x_FALSE='#'
device_driver_fmv18x_TRUE=''
device_driver_fmvj18x_cs_FALSE='#'
device_driver_fmvj18x_cs_TRUE=''
device_driver_g_NCR5380_FALSE=''
device_driver_g_NCR5380_TRUE='#'
device_driver_gdth_FALSE=''
device_driver_gdth_TRUE='#'
device_driver_group_block_FALSE='#'
device_driver_group_block_TRUE=''
device_driver_group_net_FALSE='#'
device_driver_group_net_TRUE=''
device_driver_group_pcmcia_FALSE='#'
device_driver_group_pcmcia_TRUE=''
device_driver_group_scsi_FALSE='#'
device_driver_group_scsi_TRUE=''
device_driver_hamachi_FALSE='#'
device_driver_hamachi_TRUE=''
device_driver_hp100_FALSE='#'
device_driver_hp100_TRUE=''
device_driver_hp_FALSE='#'
device_driver_hp_TRUE=''
device_driver_hp_plus_FALSE='#'
device_driver_hp_plus_TRUE=''
device_driver_i82365_FALSE='#'
device_driver_i82365_TRUE=''
device_driver_ide_FALSE='#'
device_driver_ide_TRUE=''
device_driver_in2000_FALSE='#'
device_driver_in2000_TRUE=''
device_driver_intel_gige_FALSE='#'
device_driver_intel_gige_TRUE=''
device_driver_lance_FALSE='#'
device_driver_lance_TRUE=''
device_driver_myson803_FALSE='#'
device_driver_myson803_TRUE=''
device_driver_natsemi_FALSE='#'
device_driver_natsemi_TRUE=''
device_driver_ncr53c8xx_FALSE='#'
device_driver_ncr53c8xx_TRUE=''
device_driver_ne2k_pci_FALSE='#'
device_driver_ne2k_pci_TRUE=''
device_driver_ne_FALSE='#'
device_driver_ne_TRUE=''
device_driver_ni52_FALSE='#'
device_driver_ni52_TRUE=''
device_driver_ni65_FALSE='#'
device_driver_ni65_TRUE=''
device_driver_nmclan_cs_FALSE='#'
device_driver_nmclan_cs_TRUE=''
device_driver_ns820_FALSE='#'
device_driver_ns820_TRUE=''
device_driver_orinoco_cs_FALSE='#'
device_driver_orinoco_cs_TRUE=''
device_driver_pas16_FALSE='#'
device_driver_pas16_TRUE=''
device_driver_pcmcia_isa_FALSE='#'
device_driver_pcmcia_isa_TRUE=''
device_driver_pcnet32_FALSE='#'
device_driver_pcnet32_TRUE=''
device_driver_pcnet_cs_FALSE='#'
device_driver_pcnet_cs_TRUE=''
device_driver_ppa_FALSE=''
device_driver_ppa_TRUE='#'
device_driver_qlogicfas_FALSE='#'
device_driver_qlogicfas_TRUE=''
device_driver_qlogicisp_FALSE='#'
device_driver_qlogicisp_TRUE=''
device_driver_rtl8139_FALSE='#'
device_driver_rtl8139_TRUE=''
device_driver_seagate_FALSE='#'
device_driver_seagate_TRUE=''
device_driver_seeq8005_FALSE='#'
device_driver_seeq8005_TRUE=''
device_driver_sis900_FALSE='#'
device_driver_sis900_TRUE=''
device_driver_sk_g16_FALSE='#'
device_driver_sk_g16_TRUE=''
device_driver_smc91c92_cs_FALSE='#'
device_driver_smc91c92_cs_TRUE=''
device_driver_smc_ultra32_FALSE='#'
device_driver_smc_ultra32_TRUE=''
device_driver_smc_ultra_FALSE='#'
device_driver_smc_ultra_TRUE=''
device_driver_starfire_FALSE='#'
device_driver_starfire_TRUE=''
device_driver_sundance_FALSE='#'
device_driver_sundance_TRUE=''
device_driver_sym53c8xx_FALSE='#'
device_driver_sym53c8xx_TRUE=''
device_driver_t128_FALSE='#'
device_driver_t128_TRUE=''
device_driver_tlan_FALSE='#'
device_driver_tlan_TRUE=''
device_driver_tmscsim_FALSE='#'
device_driver_tmscsim_TRUE=''
device_driver_tulip_FALSE='#'
device_driver_tulip_TRUE=''
device_driver_u14_34f_FALSE='#'
device_driver_u14_34f_TRUE=''
device_driver_ultrastor_FALSE='#'
device_driver_ultrastor_TRUE=''
device_driver_via_rhine_FALSE='#'
device_driver_via_rhine_TRUE=''
device_driver_wavelan_FALSE=''
device_driver_wavelan_TRUE='#'
device_driver_wd7000_FALSE=''
device_driver_wd7000_TRUE='#'
device_driver_wd_FALSE='#'
device_driver_wd_TRUE=''
device_driver_winbond_840_FALSE='#'
device_driver_winbond_840_TRUE=''
device_driver_xirc2ps_cs_FALSE='#'
device_driver_xirc2ps_cs_TRUE=''
device_driver_yellowfin_FALSE='#'
device_driver_yellowfin_TRUE=''
device_driver_znet_FALSE='#'
device_driver_znet_TRUE=''
disable_smashing_stack_protector_FALSE='#'
disable_smashing_stack_protector_TRUE=''
docdir='${datarootdir}/doc/${PACKAGE_TARNAME}'
dvidir='${docdir}'
enable_apic_FALSE=''
enable_apic_TRUE='#'
enable_kdb_FALSE=''
enable_kdb_TRUE='#'
enable_kmsg_FALSE='#'
enable_kmsg_TRUE=''
enable_lpr_FALSE='#'
enable_lpr_TRUE=''
enable_pae_FALSE=''
enable_pae_TRUE='#'
enable_pseudo_phys_FALSE=''
enable_pseudo_phys_TRUE='#'
enable_pv_descriptors_FALSE=''
enable_pv_descriptors_TRUE='#'
enable_pv_pagetables_FALSE=''
enable_pv_pagetables_TRUE='#'
enable_ring1_FALSE=''
enable_ring1_TRUE='#'
enable_user32_FALSE=''
enable_user32_TRUE='#'
exec_prefix='${prefix}'
host='i686-pc-gnu'
host_alias='i686-gnu'
host_cpu='i686'
host_os='gnu'
host_platform='at'
host_vendor='pc'
htmldir='${docdir}'
includedir='${prefix}/include'
infodir='${datarootdir}/info'
install_sh='${SHELL} /home/runner/work/cognu-mach/cognu-mach/build-aux/install-sh'
libdir='${exec_prefix}/lib'
libexecdir='${exec_prefix}/libexec'
localedir='${datarootdir}/locale'
localstatedir='${prefix}/var'
mandir='${datarootdir}/man'
mkdir_p='$(MKDIR_P)'
oldincludedir='/usr/include'
pdfdir='${docdir}'
prefix='/usr/local'
program_transform_name='s,x,x,'
psdir='${docdir}'
runstatedir='${localstatedir}/run'
sbindir='${exec_prefix}/sbin'
sharedstatedir='${prefix}/com'
sysconfdir='${prefix}/etc'
systype='i386'
target_alias=''

## ----------- ##
## confdefs.h. ##
## ----------- ##

/* confdefs.h */
#define PACKAGE_NAME "GNU Mach"
#define PACKAGE_TARNAME "gnumach"
#define PACKAGE_VERSION "1.8"
#define PACKAGE_STRING "GNU Mach 1.8"
#define PACKAGE_BUGREPORT "bug-hurd@gnu.org"
#define PACKAGE_URL ""
#define NCPUS 1
#define __ELF__ 1
#define CPU_L1_SHIFT 6
#define AT386 1
#define ENABLE_IMMEDIATE_CONSOLE 0
#define MACH_LPR /**/
#define MACH 1
#define CMU 1
#define MACH_KERNEL 1
#define KERNEL 1
#define NCOM 2
#define NLPR 1
#define BOOTSTRAP_SYMBOLS 0
#define FAST_TAS 0
#define HW_FOOTPRINT 0
#define MACH_COUNTERS 0
#define MACH_DEBUG 1
#define MACH_FIXPRI 1
#define MACH_HOST 0
#define MACH_IPC_DEBUG 1
#define MACH_IPC_TEST 0
#define MACH_LDEBUG 0
#define MACH_LOCK_MON 0
#define MACH_MACHINE_ROUTINES 1
#define MACH_MP_DEBUG 0
#define MACH_PAGEMAP 1
#define MACH_PCSAMPLE 1
#define MACH_KERNSAMPLE 0
#define MACH_TTD 0
#define MACH_VM_DEBUG 1
#define POWER_SAVE 1
#define STAT_TIME 1
#define XPR_DEBUG 0
#define SLAB_VERIFY 0
#define SLAB_USE_CPU_POOLS 0
#define MACH_KDB 0
#define MACH_KMSG /**/
#define CONFIG_BLK_DEV_FD 1
#define CONFIG_BLK_DEV_IDE 1
#define CONFIG_SCSI_BUSLOGIC 1
#define CONFIG_SCSI_ADVANSYS 1
#define CONFIG_SCSI_AHA152X 1
#define CONFIG_SCSI_AHA1740 1
#define CONFIG_SCSI_DTC3280 1
#define CONFIG_SCSI_FUTURE_DOMAIN 1
#define CONFIG_SCSI_IN2000 1
#define CONFIG_SCSI_NCR53C8XX 1
#define CONFIG_SCSI_PASS16 1
#define CONFIG_SCSI_QLOGIC_FAS 1
#define CONFIG_SCSI_QLOGIC_ISP 1
#define CONFIG_SCSI_SEAGATE 1
#define CONFIG_SCSI_SYM53C8XX 1
#define CONFIG_SCSI_T128 1
#define CONFIG_SCSI_DC390T 1
#define CONFIG_SCSI_U14_34F 1
#define CONFIG_SCSI_ULTRASTOR 1
#define CONFIG_EL1 1
#define CONFIG_EL2 1
#define CONFIG_ELPLUS 1
#define CONFIG_EL16 1
#define CONFIG_EL3 1
#define CONFIG_VORTEX 1
#define CONFIG_AC3200 1
#define CONFIG_APRICOT 1
#define CONFIG_AT1700 1
#define CONFIG_DE4X5 1
#define CONFIG_DEPCA 1
#define CONFIG_E2100 1
#define CONFIG_EEXPRESS_PRO 1
#define CONFIG_EEXPRESS_PRO100B 1
#define CONFIG_EEXPRESS 1
#define CONFIG_EPIC 1
#define CONFIG_ETH16I 1
#define CONFIG_EWRK3 1
#define CONFIG_FMV18X 1
#define CONFIG_HAMACHI 1
#define CONFIG_HPLAN_PLUS 1
#define CONFIG_HPLAN 1
#define CONFIG_HP100 1
#define CONFIG_INTEL_GIGE 1
#define CONFIG_LANCE 1
#define CONFIG_MYSON803 1
#define CONFIG_NATSEMI 1
#define CONFIG_NE2000 1
#define CONFIG_NE2K_PCI 1
#define CONFIG_NI52 1
#define CONFIG_NI65 1
#define CONFIG_NS820 1
#define CONFIG_PCNET32 1
#define CONFIG_RTL8139 1
#define CONFIG_SEEQ8005 1
#define CONFIG_SIS900 1
#define CONFIG_SK_G16 1
#define CONFIG_ULTRA 1
#define CONFIG_ULTRA32 1
#define CONFIG_STARFIRE 1
#define CONFIG_SUNDANCE 1
#define CONFIG_TLAN 1
#define CONFIG_DEC_ELCP 1
#define CONFIG_VIA_RHINE 1
#define CONFIG_WD80x3 1
#define CONFIG_WINBOND840 1
#define CONFIG_YELLOWFIN 1
#define CONFIG_ZNET 1
#define CONFIG_I82365 1
#define CONFIG_ISA 1
#define CONFIG_3C574_CS 1
#define CONFIG_3C589_CS 1
#define CONFIG_AXNET_CS 1
#define CONFIG_FMVJ18X_CS 1
#define CONFIG_NMCLAN_CS 1
#define CONFIG_PCNET_CS 1
#define CONFIG_SMC91C92_CS 1
#define CONFIG_XIRC2PS_CS 1
#define CONFIG_ORINOCO_CS 1
#define CONFIG_BLOCK 1
#define CONFIG_INET 1
#define CONFIG_PCMCIA 1
#define CONFIG_SCSI 1
#define CONFIG_WIRELESS 1
#define CONFIG_M686 1
#define CPU 686
#define LINUX_DEV 1
#define __KERNEL__ 1

configure: exit 0
