This file contains any messages produced by compilers while
running configure, to aid debugging if configure makes a mistake.

It was created by GNU MIG configure 1.8, which was
generated by GNU Autoconf 2.71.  Invocation command line was

  $ ./configure CPPFLAGS=-I/tmp/include

## --------- ##
## Platform. ##
## --------- ##

hostname = pkrvmsl9tci6h6u
uname -m = x86_64
uname -r = 6.11.0-1018-azure
uname -s = Linux
uname -v = #18~24.04.1-Ubuntu SMP Sat Jun 28 04:46:03 UTC 2025

/usr/bin/uname -p = x86_64
/bin/uname -X     = unknown

/bin/arch              = x86_64
/usr/bin/arch -k       = unknown
/usr/convex/getsysinfo = unknown
/usr/bin/hostinfo      = unknown
/bin/machine           = unknown
/usr/bin/oslevel       = unknown
/bin/universe          = unknown

PATH: /snap/bin/
PATH: /home/runner/.local/bin/
PATH: /opt/pipx_bin/
PATH: /home/runner/.cargo/bin/
PATH: /home/runner/.config/composer/vendor/bin/
PATH: /usr/local/.ghcup/bin/
PATH: /home/runner/.dotnet/tools/
PATH: /usr/local/sbin/
PATH: /usr/local/bin/
PATH: /usr/sbin/
PATH: /usr/bin/
PATH: /sbin/
PATH: /bin/
PATH: /usr/games/
PATH: /usr/local/games/
PATH: /snap/bin/


## ----------- ##
## Core tests. ##
## ----------- ##

configure:2300: looking for aux files: compile missing install-sh config.guess config.sub
configure:2313:  trying ./build-aux/
configure:2342:   ./build-aux/compile found
configure:2342:   ./build-aux/missing found
configure:2324:   ./build-aux/install-sh found
configure:2342:   ./build-aux/config.guess found
configure:2342:   ./build-aux/config.sub found
configure:2463: checking build system type
configure:2478: result: x86_64-pc-linux-gnu
configure:2498: checking host system type
configure:2512: result: x86_64-pc-linux-gnu
configure:2532: checking target system type
configure:2546: result: x86_64-pc-linux-gnu
configure:2601: checking for a BSD-compatible install
configure:2674: result: /usr/bin/install -c
configure:2685: checking whether build environment is sane
configure:2740: result: yes
configure:2889: checking for a race-free mkdir -p
configure:2933: result: /usr/bin/mkdir -p
configure:2940: checking for gawk
configure:2961: found /usr/bin/gawk
configure:2972: result: gawk
configure:2983: checking whether make sets $(MAKE)
configure:3006: result: yes
configure:3036: checking whether make supports nested variables
configure:3054: result: yes
configure:3198: checking whether make supports nested variables
configure:3216: result: yes
configure:3290: checking for gcc
configure:3311: found /usr/bin/gcc
configure:3322: result: gcc
configure:3675: checking for C compiler version
configure:3684: gcc --version >&5
gcc (Ubuntu 13.3.0-6ubuntu2~24.04) 13.3.0
Copyright (C) 2023 Free Software Foundation, Inc.
This is free software; see the source for copying conditions.  There is NO
warranty; not even for MERCHANTABILITY or FITNESS FOR A PARTICULAR PURPOSE.

configure:3695: $? = 0
configure:3684: gcc -v >&5
Using built-in specs.
COLLECT_GCC=gcc
COLLECT_LTO_WRAPPER=/usr/libexec/gcc/x86_64-linux-gnu/13/lto-wrapper
OFFLOAD_TARGET_NAMES=nvptx-none:amdgcn-amdhsa
OFFLOAD_TARGET_DEFAULT=1
Target: x86_64-linux-gnu
Configured with: ../src/configure -v --with-pkgversion='Ubuntu 13.3.0-6ubuntu2~24.04' --with-bugurl=file:///usr/share/doc/gcc-13/README.Bugs --enable-languages=c,ada,c++,go,d,fortran,objc,obj-c++,m2 --prefix=/usr --with-gcc-major-version-only --program-suffix=-13 --program-prefix=x86_64-linux-gnu- --enable-shared --enable-linker-build-id --libexecdir=/usr/libexec --without-included-gettext --enable-threads=posix --libdir=/usr/lib --enable-nls --enable-bootstrap --enable-clocale=gnu --enable-libstdcxx-debug --enable-libstdcxx-time=yes --with-default-libstdcxx-abi=new --enable-libstdcxx-backtrace --enable-gnu-unique-object --disable-vtable-verify --enable-plugin --enable-default-pie --with-system-zlib --enable-libphobos-checking=release --with-target-system-zlib=auto --enable-objc-gc=auto --enable-multiarch --disable-werror --enable-cet --with-arch-32=i686 --with-abi=m64 --with-multilib-list=m32,m64,mx32 --enable-multilib --with-tune=generic --enable-offload-targets=nvptx-none=/build/gcc-13-fG75Ri/gcc-13-13.3.0/debian/tmp-nvptx/usr,amdgcn-amdhsa=/build/gcc-13-fG75Ri/gcc-13-13.3.0/debian/tmp-gcn/usr --enable-offload-defaulted --without-cuda-driver --enable-checking=release --build=x86_64-linux-gnu --host=x86_64-linux-gnu --target=x86_64-linux-gnu --with-build-config=bootstrap-lto-lean --enable-link-serialization=2
Thread model: posix
Supported LTO compression algorithms: zlib zstd
gcc version 13.3.0 (Ubuntu 13.3.0-6ubuntu2~24.04) 
... rest of stderr output deleted ...
configure:3695: $? = 0
configure:3684: gcc -V >&5
gcc: error: unrecognized command-line option '-V'
gcc: fatal error: no input files
compilation terminated.
configure:3695: $? = 1
configure:3684: gcc -qversion >&5
gcc: error: unrecognized command-line option '-qversion'; did you mean '--version'?
gcc: fatal error: no input files
compilation terminated.
configure:3695: $? = 1
configure:3684: gcc -version >&5
gcc: error: unrecognized command-line option '-version'
gcc: fatal error: no input files
compilation terminated.
configure:3695: $? = 1
configure:3715: checking whether the C compiler works
configure:3737: gcc  -I/tmp/include  conftest.c  >&5
configure:3741: $? = 0
configure:3791: result: yes
configure:3794: checking for C compiler default output file name
configure:3796: result: a.out
configure:3802: checking for suffix of executables
configure:3809: gcc -o conftest  -I/tmp/include  conftest.c  >&5
configure:3813: $? = 0
configure:3836: result: 
configure:3858: checking whether we are cross compiling
configure:3866: gcc -o conftest  -I/tmp/include  conftest.c  >&5
configure:3870: $? = 0
configure:3877: ./conftest
configure:3881: $? = 0
configure:3896: result: no
configure:3901: checking for suffix of object files
configure:3924: gcc -c  -I/tmp/include conftest.c >&5
configure:3928: $? = 0
configure:3950: result: o
configure:3954: checking whether the compiler supports GNU C
configure:3974: gcc -c  -I/tmp/include conftest.c >&5
configure:3974: $? = 0
configure:3984: result: yes
configure:3995: checking whether gcc accepts -g
configure:4016: gcc -c -g -I/tmp/include conftest.c >&5
configure:4016: $? = 0
configure:4060: result: yes
configure:4080: checking for gcc option to enable C11 features
configure:4095: gcc  -c -g -O2 -I/tmp/include conftest.c >&5
configure:4095: $? = 0
configure:4113: result: none needed
configure:4229: checking whether gcc understands -c and -o together
configure:4252: gcc -c conftest.c -o conftest2.o
configure:4255: $? = 0
configure:4252: gcc -c conftest.c -o conftest2.o
configure:4255: $? = 0
configure:4267: result: yes
configure:4287: checking whether make supports the include directive
configure:4302: make -f confmf.GNU && cat confinc.out
this is the am__doit target
configure:4305: $? = 0
configure:4324: result: yes (GNU style)
configure:4350: checking dependency style of gcc
configure:4462: result: gcc3
configure:4482: checking how to run the C preprocessor
configure:4508: gcc -E -I/tmp/include conftest.c
configure:4508: $? = 0
configure:4523: gcc -E -I/tmp/include conftest.c
conftest.c:9:10: fatal error: ac_nonexistent.h: No such file or directory
    9 | #include <ac_nonexistent.h>
      |          ^~~~~~~~~~~~~~~~~~
compilation terminated.
configure:4523: $? = 1
configure: failed program was:
| /* confdefs.h */
| #define PACKAGE_NAME "GNU MIG"
| #define PACKAGE_TARNAME "mig"
| #define PACKAGE_VERSION "1.8"
| #define PACKAGE_STRING "GNU MIG 1.8"
| #define PACKAGE_BUGREPORT "bug-hurd@gnu.org"
| #define PACKAGE_URL "https://www.gnu.org/software/mig/"
| /* end confdefs.h.  */
| #include <ac_nonexistent.h>
configure:4550: result: gcc -E
configure:4564: gcc -E -I/tmp/include conftest.c
configure:4564: $? = 0
configure:4579: gcc -E -I/tmp/include conftest.c
conftest.c:9:10: fatal error: ac_nonexistent.h: No such file or directory
    9 | #include <ac_nonexistent.h>
      |          ^~~~~~~~~~~~~~~~~~
compilation terminated.
configure:4579: $? = 1
configure: failed program was:
| /* confdefs.h */
| #define PACKAGE_NAME "GNU MIG"
| #define PACKAGE_TARNAME "mig"
| #define PACKAGE_VERSION "1.8"
| #define PACKAGE_STRING "GNU MIG 1.8"
| #define PACKAGE_BUGREPORT "bug-hurd@gnu.org"
| #define PACKAGE_URL "https://www.gnu.org/software/mig/"
| /* end confdefs.h.  */
| #include <ac_nonexistent.h>
configure:4613: checking for bison
configure:4634: found /usr/bin/bison
configure:4645: result: bison -y
configure:4668: checking for flex
configure:4689: found /usr/bin/flex
configure:4700: result: flex
configure:4749: checking for lex output file root
configure:4762: flex conftest.l
configure:4766: $? = 0
configure:4774: result: lex.yy
configure:4789: checking for lex library
configure:4814: gcc -o conftest -g -O2 -I/tmp/include  conftest.c  >&5
configure:4814: $? = 0
configure:4827: result: none needed
configure:4842: checking for library containing yywrap
configure:4872: gcc -o conftest -g -O2 -I/tmp/include  conftest.c  >&5
/usr/bin/ld: /tmp/cc3Ag3jv.o: in function `main':
/home/runner/work/cognu-mach/cognu-mach/mig/conftest.c:17:(.text.startup+0xb): undefined reference to `yywrap'
collect2: error: ld returned 1 exit status
configure:4872: $? = 1
configure: failed program was:
| /* confdefs.h */
| #define PACKAGE_NAME "GNU MIG"
| #define PACKAGE_TARNAME "mig"
| #define PACKAGE_VERSION "1.8"
| #define PACKAGE_STRING "GNU MIG 1.8"
| #define PACKAGE_BUGREPORT "bug-hurd@gnu.org"
| #define PACKAGE_URL "https://www.gnu.org/software/mig/"
| /* end confdefs.h.  */
| 
| /* Override any GCC internal prototype to avoid an error.
|    Use char because int might match the return type of a GCC
|    builtin and then its argument prototype would still apply.  */
| char yywrap ();
| int
| main (void)
| {
| return yywrap ();
|   ;
|   return 0;
| }
configure:4872: gcc -o conftest -g -O2 -I/tmp/include  conftest.c -lfl   >&5
/usr/bin/ld: cannot find -lfl: No such file or directory
collect2: error: ld returned 1 exit status
configure:4872: $? = 1
configure: failed program was:
| /* confdefs.h */
| #define PACKAGE_NAME "GNU MIG"
| #define PACKAGE_TARNAME "mig"
| #define PACKAGE_VERSION "1.8"
| #define PACKAGE_STRING "GNU MIG 1.8"
| #define PACKAGE_BUGREPORT "bug-hurd@gnu.org"
| #define PACKAGE_URL "https://www.gnu.org/software/mig/"
| /* end confdefs.h.  */
| 
| /* Override any GCC internal prototype to avoid an error.
|    Use char because int might match the return type of a GCC
|    builtin and then its argument prototype would still apply.  */
| char yywrap ();
| int
| main (void)
| {
| return yywrap ();
|   ;
|   return 0;
| }
configure:4872: gcc -o conftest -g -O2 -I/tmp/include  conftest.c -ll   >&5
/usr/bin/ld: cannot find -ll: No such file or directory
collect2: error: ld returned 1 exit status
configure:4872: $? = 1
configure: failed program was:
| /* confdefs.h */
| #define PACKAGE_NAME "GNU MIG"
| #define PACKAGE_TARNAME "mig"
| #define PACKAGE_VERSION "1.8"
| #define PACKAGE_STRING "GNU MIG 1.8"
| #define PACKAGE_BUGREPORT "bug-hurd@gnu.org"
| #define PACKAGE_URL "https://www.gnu.org/software/mig/"
| /* end confdefs.h.  */
| 
| /* Override any GCC internal prototype to avoid an error.
|    Use char because int might match the return type of a GCC
|    builtin and then its argument prototype would still apply.  */
| char yywrap ();
| int
| main (void)
| {
| return yywrap ();
|   ;
|   return 0;
| }
configure:4892: result: no
configure:4908: checking whether yytext is a pointer
configure:4924: gcc -c -g -O2 -I/tmp/include conftest.c >&5
configure:4924: $? = 0
configure:4931: result: yes
configure:4950: checking for gawk
configure:4982: result: gawk
configure:4999: checking for stdio.h
configure:4999: gcc -c -g -O2 -I/tmp/include conftest.c >&5
configure:4999: $? = 0
configure:4999: result: yes
configure:4999: checking for stdlib.h
configure:4999: gcc -c -g -O2 -I/tmp/include conftest.c >&5
configure:4999: $? = 0
configure:4999: result: yes
configure:4999: checking for string.h
configure:4999: gcc -c -g -O2 -I/tmp/include conftest.c >&5
configure:4999: $? = 0
configure:4999: result: yes
configure:4999: checking for inttypes.h
configure:4999: gcc -c -g -O2 -I/tmp/include conftest.c >&5
configure:4999: $? = 0
configure:4999: result: yes
configure:4999: checking for stdint.h
configure:4999: gcc -c -g -O2 -I/tmp/include conftest.c >&5
configure:4999: $? = 0
configure:4999: result: yes
configure:4999: checking for strings.h
configure:4999: gcc -c -g -O2 -I/tmp/include conftest.c >&5
configure:4999: $? = 0
configure:4999: result: yes
configure:4999: checking for sys/stat.h
configure:4999: gcc -c -g -O2 -I/tmp/include conftest.c >&5
configure:4999: $? = 0
configure:4999: result: yes
configure:4999: checking for sys/types.h
configure:4999: gcc -c -g -O2 -I/tmp/include conftest.c >&5
configure:4999: $? = 0
configure:4999: result: yes
configure:4999: checking for unistd.h
configure:4999: gcc -c -g -O2 -I/tmp/include conftest.c >&5
configure:4999: $? = 0
configure:4999: result: yes
configure:5024: checking for grep that handles long lines and -e
configure:5088: result: /usr/bin/grep
configure:5096: checking for egrep
configure:5164: result: /usr/bin/grep -E
configure:5368: checking that generated files are newer than configure
configure:5374: result: done
configure:5397: creating ./config.status

## ---------------------- ##
## Running config.status. ##
## ---------------------- ##

This file was extended by GNU MIG config.status 1.8, which was
generated by GNU Autoconf 2.71.  Invocation command line was

  CONFIG_FILES    = 
  CONFIG_HEADERS  = 
  CONFIG_LINKS    = 
  CONFIG_COMMANDS = 
  $ ./config.status 

on pkrvmsl9tci6h6u

config.status:802: creating Makefile
config.status:802: creating mig
config.status:802: creating tests/Makefile
config.status:802: creating tests/good/Makefile
config.status:802: creating tests/generate-only/Makefile
config.status:802: creating tests/bad/Makefile
config.status:974: executing depfiles commands
config.status:1051: cd .       && sed -e '/# am--include-marker/d' Makefile         | make -f - am--depfiles
make: Nothing to be done for 'am--depfiles'.
config.status:1056: $? = 0

## ---------------- ##
## Cache variables. ##
## ---------------- ##

ac_cv_build=x86_64-pc-linux-gnu
ac_cv_c_compiler_gnu=yes
ac_cv_env_CC_set=
ac_cv_env_CC_value=
ac_cv_env_CFLAGS_set=
ac_cv_env_CFLAGS_value=
ac_cv_env_CPPFLAGS_set=set
ac_cv_env_CPPFLAGS_value=-I/tmp/include
ac_cv_env_CPP_set=
ac_cv_env_CPP_value=
ac_cv_env_LDFLAGS_set=
ac_cv_env_LDFLAGS_value=
ac_cv_env_LIBS_set=
ac_cv_env_LIBS_value=
ac_cv_env_YACC_set=
ac_cv_env_YACC_value=
ac_cv_env_YFLAGS_set=
ac_cv_env_YFLAGS_value=
ac_cv_env_build_alias_set=
ac_cv_env_build_alias_value=
ac_cv_env_host_alias_set=
ac_cv_env_host_alias_value=
ac_cv_env_target_alias_set=
ac_cv_env_target_alias_value=
ac_cv_header_inttypes_h=yes
ac_cv_header_stdint_h=yes
ac_cv_header_stdio_h=yes
ac_cv_header_stdlib_h=yes
ac_cv_header_string_h=yes
ac_cv_header_strings_h=yes
ac_cv_header_sys_stat_h=yes
ac_cv_header_sys_types_h=yes
ac_cv_header_unistd_h=yes
ac_cv_host=x86_64-pc-linux-gnu
ac_cv_lib_lex='none needed'
ac_cv_objext=o
ac_cv_path_EGREP='/usr/bin/grep -E'
ac_cv_path_GREP=/usr/bin/grep
ac_cv_path_install='/usr/bin/install -c'
ac_cv_path_mkdir=/usr/bin/mkdir
ac_cv_prog_AWK=gawk
ac_cv_prog_CPP='gcc -E'
ac_cv_prog_LEX=flex
ac_cv_prog_YACC='bison -y'
ac_cv_prog_ac_ct_CC=gcc
ac_cv_prog_cc_c11=
ac_cv_prog_cc_g=yes
ac_cv_prog_cc_stdc=
ac_cv_prog_lex_root=lex.yy
ac_cv_prog_lex_yytext_pointer=yes
ac_cv_prog_make_make_set=yes
ac_cv_search_yywrap=no
ac_cv_target=x86_64-pc-linux-gnu
am_cv_CC_dependencies_compiler_type=gcc3
am_cv_make_support_nested_variables=yes
am_cv_prog_cc_c_o=yes

## ----------------- ##
## Output variables. ##
## ----------------- ##

ACLOCAL='${SHELL} '\''/home/runner/work/cognu-mach/cognu-mach/mig/build-aux/missing'\'' aclocal-1.16'
AMDEPBACKSLASH='\'
AMDEP_FALSE='#'
AMDEP_TRUE=''
AMTAR='$${TAR-tar}'
AM_BACKSLASH='\'
AM_DEFAULT_V='$(AM_DEFAULT_VERBOSITY)'
AM_DEFAULT_VERBOSITY='1'
AM_V='$(V)'
AUTOCONF='${SHELL} '\''/home/runner/work/cognu-mach/cognu-mach/mig/build-aux/missing'\'' autoconf'
AUTOHEADER='${SHELL} '\''/home/runner/work/cognu-mach/cognu-mach/mig/build-aux/missing'\'' autoheader'
AUTOMAKE='${SHELL} '\''/home/runner/work/cognu-mach/cognu-mach/mig/build-aux/missing'\'' automake-1.16'
AWK='gawk'
CC='gcc'
CCDEPMODE='depmode=gcc3'
CFLAGS='-g -O2'
CPP='gcc -E'
CPPFLAGS='-I/tmp/include'
CSCOPE='cscope'
CTAGS='ctags'
CYGPATH_W='echo'
DEFS='-DPACKAGE_NAME=\"GNU\ MIG\" -DPACKAGE_TARNAME=\"mig\" -DPACKAGE_VERSION=\"1.8\" -DPACKAGE_STRING=\"GNU\ MIG\ 1.8\" -DPACKAGE_BUGREPORT=\"bug-hurd@gnu.org\" -DPACKAGE_URL=\"https://www.gnu.org/software/mig/\" -DYYTEXT_POINTER=1 -DHAVE_STDIO_H=1 -DHAVE_STDLIB_H=1 -DHAVE_STRING_H=1 -DHAVE_INTTYPES_H=1 -DHAVE_STDINT_H=1 -DHAVE_STRINGS_H=1 -DHAVE_SYS_STAT_H=1 -DHAVE_SYS_TYPES_H=1 -DHAVE_UNISTD_H=1 -DSTDC_HEADERS=1'
DEPDIR='.deps'
ECHO_C=''
ECHO_N='-n'
ECHO_T=''
EGREP='/usr/bin/grep -E'
ETAGS='etags'
EXEEXT=''
GREP='/usr/bin/grep'
INSTALL_DATA='${INSTALL} -m 644'
INSTALL_PROGRAM='${INSTALL}'
INSTALL_SCRIPT='${INSTALL}'
INSTALL_STRIP_PROGRAM='$(install_sh) -c -s'
LDFLAGS=''
LEX='flex'
LEXLIB=''
LEX_OUTPUT_ROOT='lex.yy'
LIBOBJS=''
LIBS=''
LTLIBOBJS=''
MAKEINFO='${SHELL} '\''/home/runner/work/cognu-mach/cognu-mach/mig/build-aux/missing'\'' makeinfo'
MIG='mig'
MIGCOM='migcom'
MKDIR_P='/usr/bin/mkdir -p'
OBJEXT='o'
PACKAGE='mig'
PACKAGE_BUGREPORT='bug-hurd@gnu.org'
PACKAGE_NAME='GNU MIG'
PACKAGE_STRING='GNU MIG 1.8'
PACKAGE_TARNAME='mig'
PACKAGE_URL='https://www.gnu.org/software/mig/'
PACKAGE_VERSION='1.8'
PATH_SEPARATOR=':'
SET_MAKE=''
SHELL='/bin/bash'
STRIP=''
TARGET_CC='${CC}'
TARGET_CFLAGS=''
TARGET_CPPFLAGS=''
VERSION='1.8'
YACC='bison -y'
YFLAGS=''
ac_ct_CC='gcc'
am__EXEEXT_FALSE=''
am__EXEEXT_TRUE='#'
am__fastdepCC_FALSE='#'
am__fastdepCC_TRUE=''
am__include='include'
am__isrc=''
am__leading_dot='.'
am__nodep='_no'
am__quote=''
am__tar='$${TAR-tar} chof - "$$tardir"'
am__untar='$${TAR-tar} xf -'
bindir='${exec_prefix}/bin'
build='x86_64-pc-linux-gnu'
build_alias=''
build_cpu='x86_64'
build_os='linux-gnu'
build_vendor='pc'
datadir='${datarootdir}'
datarootdir='${prefix}/share'
docdir='${datarootdir}/doc/${PACKAGE_TARNAME}'
dvidir='${docdir}'
exec_prefix='${prefix}'
host='x86_64-pc-linux-gnu'
host_alias=''
host_cpu='x86_64'
host_os='linux-gnu'
host_vendor='pc'
htmldir='${docdir}'
includedir='${prefix}/include'
infodir='${datarootdir}/info'
install_sh='${SHELL} /home/runner/work/cognu-mach/cognu-mach/mig/build-aux/install-sh'
libdir='${exec_prefix}/lib'
libexecdir='${exec_prefix}/libexec'
localedir='${datarootdir}/locale'
localstatedir='${prefix}/var'
mandir='${datarootdir}/man'
mkdir_p='$(MKDIR_P)'
oldincludedir='/usr/include'
pdfdir='${docdir}'
prefix='/usr/local'
program_transform_name='s,x,x,'
psdir='${docdir}'
runstatedir='${localstatedir}/run'
sbindir='${exec_prefix}/sbin'
sharedstatedir='${prefix}/com'
sysconfdir='${prefix}/etc'
target='x86_64-pc-linux-gnu'
target_alias=''
target_cpu='x86_64'
target_os='linux-gnu'
target_vendor='pc'

## ----------- ##
## confdefs.h. ##
## ----------- ##

/* confdefs.h */
#define PACKAGE_NAME "GNU MIG"
#define PACKAGE_TARNAME "mig"
#define PACKAGE_VERSION "1.8"
#define PACKAGE_STRING "GNU MIG 1.8"
#define PACKAGE_BUGREPORT "bug-hurd@gnu.org"
#define PACKAGE_URL "https://www.gnu.org/software/mig/"
#define YYTEXT_POINTER 1
#define HAVE_STDIO_H 1
#define HAVE_STDLIB_H 1
#define HAVE_STRING_H 1
#define HAVE_INTTYPES_H 1
#define HAVE_STDINT_H 1
#define HAVE_STRINGS_H 1
#define HAVE_SYS_STAT_H 1
#define HAVE_SYS_TYPES_H 1
#define HAVE_UNISTD_H 1
#define STDC_HEADERS 1

configure: exit 0
