This file contains any messages produced by compilers while
running configure, to aid debugging if configure makes a mistake.

It was created by GNU Mach configure 1.8, which was
generated by GNU Autoconf 2.71.  Invocation command line was

  $ ../configure --host=x86_64-gnu --enable-pae --enable-user32 MIG=/usr/local/bin/mig

## --------- ##
## Platform. ##
## --------- ##

hostname = pkrvm7jw40e0xgp
uname -m = x86_64
uname -r = 6.11.0-1018-azure
uname -s = Linux
uname -v = #18~24.04.1-Ubuntu SMP Sat Jun 28 04:46:03 UTC 2025

/usr/bin/uname -p = x86_64
/bin/uname -X     = unknown

/bin/arch              = x86_64
/usr/bin/arch -k       = unknown
/usr/convex/getsysinfo = unknown
/usr/bin/hostinfo      = unknown
/bin/machine           = unknown
/usr/bin/oslevel       = unknown
/bin/universe          = unknown

PATH: /snap/bin/
PATH: /home/runner/.local/bin/
PATH: /opt/pipx_bin/
PATH: /home/runner/.cargo/bin/
PATH: /home/runner/.config/composer/vendor/bin/
PATH: /usr/local/.ghcup/bin/
PATH: /home/runner/.dotnet/tools/
PATH: /usr/local/sbin/
PATH: /usr/local/bin/
PATH: /usr/sbin/
PATH: /usr/bin/
PATH: /sbin/
PATH: /bin/
PATH: /usr/games/
PATH: /usr/local/games/
PATH: /snap/bin/


## ----------- ##
## Core tests. ##
## ----------- ##

configure:2828: looking for aux files: ar-lib compile config.guess config.sub missing install-sh
configure:2841:  trying ../build-aux/
configure:2870:   ../build-aux/ar-lib found
configure:2870:   ../build-aux/compile found
configure:2870:   ../build-aux/config.guess found
configure:2870:   ../build-aux/config.sub found
configure:2870:   ../build-aux/missing found
configure:2852:   ../build-aux/install-sh found
configure:3012: checking for a BSD-compatible install
configure:3085: result: /usr/bin/install -c
configure:3096: checking whether build environment is sane
configure:3151: result: yes
configure:3207: checking for x86_64-gnu-strip
configure:3242: result: no
configure:3252: checking for strip
configure:3273: found /usr/bin/strip
configure:3284: result: strip
configure:3310: checking for a race-free mkdir -p
configure:3354: result: /usr/bin/mkdir -p
configure:3361: checking for gawk
configure:3382: found /usr/bin/gawk
configure:3393: result: gawk
configure:3404: checking whether make sets $(MAKE)
configure:3427: result: yes
configure:3457: checking whether make supports nested variables
configure:3475: result: yes
configure:3619: checking whether make supports nested variables
configure:3637: result: yes
configure:3661: checking build system type
configure:3676: result: x86_64-pc-linux-gnu
configure:3696: checking host system type
configure:3710: result: x86_64-pc-gnu
configure:3781: checking for gawk
configure:3813: result: gawk
configure:3843: checking whether make supports the include directive
configure:3858: make -f confmf.GNU && cat confinc.out
this is the am__doit target
configure:3861: $? = 0
configure:3880: result: yes (GNU style)
configure:3911: checking for x86_64-gnu-gcc
configure:3946: result: no
configure:3956: checking for gcc
configure:3977: found /usr/bin/gcc
configure:3988: result: gcc
configure:4000: WARNING: using cross tools not prefixed with host triplet
configure:4341: checking for C compiler version
configure:4350: gcc --version >&5
gcc (Ubuntu 13.3.0-6ubuntu2~24.04) 13.3.0
Copyright (C) 2023 Free Software Foundation, Inc.
This is free software; see the source for copying conditions.  There is NO
warranty; not even for MERCHANTABILITY or FITNESS FOR A PARTICULAR PURPOSE.

configure:4361: $? = 0
configure:4350: gcc -v >&5
Using built-in specs.
COLLECT_GCC=gcc
COLLECT_LTO_WRAPPER=/usr/libexec/gcc/x86_64-linux-gnu/13/lto-wrapper
OFFLOAD_TARGET_NAMES=nvptx-none:amdgcn-amdhsa
OFFLOAD_TARGET_DEFAULT=1
Target: x86_64-linux-gnu
Configured with: ../src/configure -v --with-pkgversion='Ubuntu 13.3.0-6ubuntu2~24.04' --with-bugurl=file:///usr/share/doc/gcc-13/README.Bugs --enable-languages=c,ada,c++,go,d,fortran,objc,obj-c++,m2 --prefix=/usr --with-gcc-major-version-only --program-suffix=-13 --program-prefix=x86_64-linux-gnu- --enable-shared --enable-linker-build-id --libexecdir=/usr/libexec --without-included-gettext --enable-threads=posix --libdir=/usr/lib --enable-nls --enable-bootstrap --enable-clocale=gnu --enable-libstdcxx-debug --enable-libstdcxx-time=yes --with-default-libstdcxx-abi=new --enable-libstdcxx-backtrace --enable-gnu-unique-object --disable-vtable-verify --enable-plugin --enable-default-pie --with-system-zlib --enable-libphobos-checking=release --with-target-system-zlib=auto --enable-objc-gc=auto --enable-multiarch --disable-werror --enable-cet --with-arch-32=i686 --with-abi=m64 --with-multilib-list=m32,m64,mx32 --enable-multilib --with-tune=generic --enable-offload-targets=nvptx-none=/build/gcc-13-fG75Ri/gcc-13-13.3.0/debian/tmp-nvptx/usr,amdgcn-amdhsa=/build/gcc-13-fG75Ri/gcc-13-13.3.0/debian/tmp-gcn/usr --enable-offload-defaulted --without-cuda-driver --enable-checking=release --build=x86_64-linux-gnu --host=x86_64-linux-gnu --target=x86_64-linux-gnu --with-build-config=bootstrap-lto-lean --enable-link-serialization=2
Thread model: posix
Supported LTO compression algorithms: zlib zstd
gcc version 13.3.0 (Ubuntu 13.3.0-6ubuntu2~24.04) 
... rest of stderr output deleted ...
configure:4361: $? = 0
configure:4350: gcc -V >&5
gcc: error: unrecognized command-line option '-V'
gcc: fatal error: no input files
compilation terminated.
configure:4361: $? = 1
configure:4350: gcc -qversion >&5
gcc: error: unrecognized command-line option '-qversion'; did you mean '--version'?
gcc: fatal error: no input files
compilation terminated.
configure:4361: $? = 1
configure:4350: gcc -version >&5
gcc: error: unrecognized command-line option '-version'
gcc: fatal error: no input files
compilation terminated.
configure:4361: $? = 1
configure:4381: checking whether the C compiler works
configure:4403: gcc -g -O2 -ffreestanding -nostdlib   conftest.c  >&5
/usr/bin/ld: warning: cannot find entry symbol _start; defaulting to 0000000000001000
configure:4407: $? = 0
configure:4457: result: yes
configure:4460: checking for C compiler default output file name
configure:4462: result: a.out
configure:4468: checking for suffix of executables
configure:4475: gcc -o conftest -g -O2 -ffreestanding -nostdlib   conftest.c  >&5
/usr/bin/ld: warning: cannot find entry symbol _start; defaulting to 0000000000001000
configure:4479: $? = 0
configure:4502: result: 
configure:4524: checking whether we are cross compiling
configure:4562: result: yes
configure:4567: checking for suffix of object files
configure:4590: gcc -c -g -O2 -ffreestanding -nostdlib  conftest.c >&5
configure:4594: $? = 0
configure:4616: result: o
configure:4620: checking whether the compiler supports GNU C
configure:4640: gcc -c -g -O2 -ffreestanding -nostdlib  conftest.c >&5
configure:4640: $? = 0
configure:4650: result: yes
configure:4661: checking whether gcc accepts -g
configure:4682: gcc -c -g  conftest.c >&5
configure:4682: $? = 0
configure:4726: result: yes
configure:4746: checking for gcc option to enable C11 features
configure:4761: gcc  -c -g -O2 -ffreestanding -nostdlib  conftest.c >&5
configure:4761: $? = 0
configure:4779: result: none needed
configure:4895: checking whether gcc understands -c and -o together
configure:4918: gcc -c conftest.c -o conftest2.o
configure:4921: $? = 0
configure:4918: gcc -c conftest.c -o conftest2.o
configure:4921: $? = 0
configure:4933: result: yes
configure:4952: checking dependency style of gcc
configure:5064: result: gcc3
configure:5088: checking dependency style of gcc
configure:5198: result: gcc3
configure:5222: checking for x86_64-gnu-gcc
configure:5254: result: gcc
configure:5652: checking for C compiler version
configure:5661: gcc --version >&5
gcc (Ubuntu 13.3.0-6ubuntu2~24.04) 13.3.0
Copyright (C) 2023 Free Software Foundation, Inc.
This is free software; see the source for copying conditions.  There is NO
warranty; not even for MERCHANTABILITY or FITNESS FOR A PARTICULAR PURPOSE.

configure:5672: $? = 0
configure:5661: gcc -v >&5
Using built-in specs.
COLLECT_GCC=gcc
COLLECT_LTO_WRAPPER=/usr/libexec/gcc/x86_64-linux-gnu/13/lto-wrapper
OFFLOAD_TARGET_NAMES=nvptx-none:amdgcn-amdhsa
OFFLOAD_TARGET_DEFAULT=1
Target: x86_64-linux-gnu
Configured with: ../src/configure -v --with-pkgversion='Ubuntu 13.3.0-6ubuntu2~24.04' --with-bugurl=file:///usr/share/doc/gcc-13/README.Bugs --enable-languages=c,ada,c++,go,d,fortran,objc,obj-c++,m2 --prefix=/usr --with-gcc-major-version-only --program-suffix=-13 --program-prefix=x86_64-linux-gnu- --enable-shared --enable-linker-build-id --libexecdir=/usr/libexec --without-included-gettext --enable-threads=posix --libdir=/usr/lib --enable-nls --enable-bootstrap --enable-clocale=gnu --enable-libstdcxx-debug --enable-libstdcxx-time=yes --with-default-libstdcxx-abi=new --enable-libstdcxx-backtrace --enable-gnu-unique-object --disable-vtable-verify --enable-plugin --enable-default-pie --with-system-zlib --enable-libphobos-checking=release --with-target-system-zlib=auto --enable-objc-gc=auto --enable-multiarch --disable-werror --enable-cet --with-arch-32=i686 --with-abi=m64 --with-multilib-list=m32,m64,mx32 --enable-multilib --with-tune=generic --enable-offload-targets=nvptx-none=/build/gcc-13-fG75Ri/gcc-13-13.3.0/debian/tmp-nvptx/usr,amdgcn-amdhsa=/build/gcc-13-fG75Ri/gcc-13-13.3.0/debian/tmp-gcn/usr --enable-offload-defaulted --without-cuda-driver --enable-checking=release --build=x86_64-linux-gnu --host=x86_64-linux-gnu --target=x86_64-linux-gnu --with-build-config=bootstrap-lto-lean --enable-link-serialization=2
Thread model: posix
Supported LTO compression algorithms: zlib zstd
gcc version 13.3.0 (Ubuntu 13.3.0-6ubuntu2~24.04) 
... rest of stderr output deleted ...
configure:5672: $? = 0
configure:5661: gcc -V >&5
gcc: error: unrecognized command-line option '-V'
gcc: fatal error: no input files
compilation terminated.
configure:5672: $? = 1
configure:5661: gcc -qversion >&5
gcc: error: unrecognized command-line option '-qversion'; did you mean '--version'?
gcc: fatal error: no input files
compilation terminated.
configure:5672: $? = 1
configure:5661: gcc -version >&5
gcc: error: unrecognized command-line option '-version'
gcc: fatal error: no input files
compilation terminated.
configure:5672: $? = 1
configure:5676: checking whether the compiler supports GNU C
configure:5706: result: yes
configure:5717: checking whether gcc accepts -g
configure:5782: result: yes
configure:5802: checking for gcc option to enable C11 features
configure:5835: result: none needed
configure:5951: checking whether gcc understands -c and -o together
configure:5989: result: yes
configure:6008: checking dependency style of gcc
configure:6120: result: gcc3
configure:6140: checking how to run the C preprocessor
configure:6166: gcc -E  conftest.c
configure:6166: $? = 0
configure:6181: gcc -E  conftest.c
conftest.c:9:10: fatal error: ac_nonexistent.h: No such file or directory
    9 | #include <ac_nonexistent.h>
      |          ^~~~~~~~~~~~~~~~~~
compilation terminated.
configure:6181: $? = 1
configure: failed program was:
| /* confdefs.h */
| #define PACKAGE_NAME "GNU Mach"
| #define PACKAGE_TARNAME "gnumach"
| #define PACKAGE_VERSION "1.8"
| #define PACKAGE_STRING "GNU Mach 1.8"
| #define PACKAGE_BUGREPORT "bug-hurd@gnu.org"
| #define PACKAGE_URL ""
| /* end confdefs.h.  */
| #include <ac_nonexistent.h>
configure:6208: result: gcc -E
configure:6222: gcc -E  conftest.c
configure:6222: $? = 0
configure:6237: gcc -E  conftest.c
conftest.c:9:10: fatal error: ac_nonexistent.h: No such file or directory
    9 | #include <ac_nonexistent.h>
      |          ^~~~~~~~~~~~~~~~~~
compilation terminated.
configure:6237: $? = 1
configure: failed program was:
| /* confdefs.h */
| #define PACKAGE_NAME "GNU Mach"
| #define PACKAGE_TARNAME "gnumach"
| #define PACKAGE_VERSION "1.8"
| #define PACKAGE_STRING "GNU Mach 1.8"
| #define PACKAGE_BUGREPORT "bug-hurd@gnu.org"
| #define PACKAGE_URL ""
| /* end confdefs.h.  */
| #include <ac_nonexistent.h>
configure:6276: checking for x86_64-gnu-ar
configure:6311: result: no
configure:6276: checking for x86_64-gnu-lib
configure:6311: result: no
configure:6276: checking for x86_64-gnu-link
configure:6311: result: no
configure:6325: checking for ar
configure:6346: found /usr/bin/ar
configure:6357: result: ar
configure:6383: checking the archiver (ar) interface
configure:6400: gcc -c -g -O2 -ffreestanding -nostdlib  conftest.c >&5
configure:6400: $? = 0
configure:6403: ar cru libconftest.a conftest.o >&5
ar: `u' modifier ignored since `D' is the default (see `U')
configure:6406: $? = 0
configure:6434: result: ar
configure:6457: checking for x86_64-gnu-ranlib
configure:6492: result: no
configure:6502: checking for ranlib
configure:6523: found /usr/bin/ranlib
configure:6534: result: ranlib
configure:6559: checking for x86_64-gnu-ar
configure:6591: result: ar
configure:6661: checking for x86_64-gnu-ld
configure:6696: result: no
configure:6706: checking for ld
configure:6727: found /usr/bin/ld
configure:6738: result: ld
configure:6763: checking for x86_64-gnu-nm
configure:6798: result: no
configure:6808: checking for nm
configure:6829: found /usr/bin/nm
configure:6840: result: nm
configure:6866: checking for x86_64-gnu-mig
configure:6898: result: /usr/local/bin/mig
configure:6979: checking for gzip
configure:7000: found /usr/bin/gzip
configure:7011: result: gzip
configure:7029: checking for x86_64-gnu-strip
configure:7061: result: strip
configure:7137: checking for patch
configure:7158: found /usr/bin/patch
configure:7169: result: patch
configure:7185: checking for a sed that does not truncate output
configure:7255: result: /usr/bin/sed
configure:7262: checking for awk
configure:7283: found /usr/bin/awk
configure:7294: result: awk
configure:8211: checking whether to enable assertions
configure:8232: result: yes
configure:12812: checking for i686-gnu-mig
configure:12847: result: no
configure:12904: checking for gcc
configure:12925: found /usr/bin/gcc
configure:12937: result: gcc
configure:12948: checking for gcc
configure:12969: found /usr/bin/gcc
configure:12981: result: gcc -E
configure:13004: checking whether gcc accepts -fstack-protector
configure:13019: gcc -c -g -O2 -ffreestanding -nostdlib -fstack-protector  conftest.c >&5
configure:13019: $? = 0
configure:13021: result: yes
configure:13043: checking whether gcc accepts -Wall
configure:13058: gcc -c -g -O2 -ffreestanding -nostdlib -Wall  conftest.c >&5
configure:13058: $? = 0
configure:13060: result: yes
configure:13072: checking whether gcc accepts -Wextra
configure:13087: gcc -c -g -O2 -ffreestanding -nostdlib -Wextra  conftest.c >&5
configure:13087: $? = 0
configure:13089: result: yes
configure:13101: checking whether gcc accepts -Wstrict-prototypes
configure:13116: gcc -c -g -O2 -ffreestanding -nostdlib -Wstrict-prototypes  conftest.c >&5
configure:13116: $? = 0
configure:13118: result: yes
configure:13132: checking whether gcc accepts -ffreestanding
configure:13147: gcc -c -g -O2 -ffreestanding -nostdlib -ffreestanding  conftest.c >&5
configure:13147: $? = 0
configure:13149: result: yes
configure:13169: checking whether gcc accepts -nostdlib
configure:13184: gcc -c -g -O2 -ffreestanding -nostdlib -nostdlib  conftest.c >&5
configure:13184: $? = 0
configure:13186: result: yes
configure:13279: 
configure:13281: GNU Mach configuration summary:
configure:13283:   Target architecture: x86_64
configure:13285:   Platform: at
configure:13287:   Optimization level: 2
configure:13289:   Debug information: yes
configure:13291:   Strict warnings: no
configure:13293:   Tickless timer: no
configure:13295:   Stack protector: yes
configure:13297:   MIG tool: /usr/local/bin/mig
configure:13299: 
configure:13407: checking that generated files are newer than configure
configure:13413: result: done
configure:14028: creating ./config.status
configure:15366: Applied a patch to work around a deficiency in
    Automake.  See `configure.ac' for details.

## ---------------------- ##
## Running config.status. ##
## ---------------------- ##

This file was extended by GNU Mach config.status 1.8, which was
generated by GNU Autoconf 2.71.  Invocation command line was

  CONFIG_FILES    = 
  CONFIG_HEADERS  = 
  CONFIG_LINKS    = 
  CONFIG_COMMANDS = 
  $ ./config.status 

on pkrvm7jw40e0xgp

config.status:1156: creating tests/test-multiboot
config.status:1156: creating Makefile
config.status:1156: creating version.c
config.status:1156: creating config.h
config.status:1382: linking ../x86_64/x86_64 to machine
config.status:1382: linking ../x86_64/include/mach/x86_64 to mach/machine
config.status:1401: executing depfiles commands
config.status:1478: cd .       && sed -e '/# am--include-marker/d' Makefile         | make -f - am--depfiles
# Ugly bootstrap hack to get to-be-generated files created
# Try to guess what file this dependency file is from...
# Ugly bootstrap hack to get to-be-generated files created
# Try to guess what file this dependency file is from...
# Ugly bootstrap hack to get to-be-generated files created
# Try to guess what file this dependency file is from...
# Ugly bootstrap hack to get to-be-generated files created
# Try to guess what file this dependency file is from...
# Ugly bootstrap hack to get to-be-generated files created
# Try to guess what file this dependency file is from...
# Ugly bootstrap hack to get to-be-generated files created
# Try to guess what file this dependency file is from...
# Ugly bootstrap hack to get to-be-generated files created
# Try to guess what file this dependency file is from...
# Ugly bootstrap hack to get to-be-generated files created
# Try to guess what file this dependency file is from...
# Ugly bootstrap hack to get to-be-generated files created
# Try to guess what file this dependency file is from...
# Ugly bootstrap hack to get to-be-generated files created
# Try to guess what file this dependency file is from...
# Ugly bootstrap hack to get to-be-generated files created
# Try to guess what file this dependency file is from...
# Ugly bootstrap hack to get to-be-generated files created
# Try to guess what file this dependency file is from...
# Ugly bootstrap hack to get to-be-generated files created
# Try to guess what file this dependency file is from...
# Ugly bootstrap hack to get to-be-generated files created
# Try to guess what file this dependency file is from...
# Ugly bootstrap hack to get to-be-generated files created
# Try to guess what file this dependency file is from...
# Ugly bootstrap hack to get to-be-generated files created
# Try to guess what file this dependency file is from...
# Ugly bootstrap hack to get to-be-generated files created
# Try to guess what file this dependency file is from...
# Ugly bootstrap hack to get to-be-generated files created
# Try to guess what file this dependency file is from...
# Ugly bootstrap hack to get to-be-generated files created
# Try to guess what file this dependency file is from...
# Ugly bootstrap hack to get to-be-generated files created
# Try to guess what file this dependency file is from...
# Ugly bootstrap hack to get to-be-generated files created
# Try to guess what file this dependency file is from...
# Ugly bootstrap hack to get to-be-generated files created
# Try to guess what file this dependency file is from...
# Ugly bootstrap hack to get to-be-generated files created
# Try to guess what file this dependency file is from...
# Ugly bootstrap hack to get to-be-generated files created
# Try to guess what file this dependency file is from...
# Ugly bootstrap hack to get to-be-generated files created
# Try to guess what file this dependency file is from...
# Ugly bootstrap hack to get to-be-generated files created
# Try to guess what file this dependency file is from...
# Ugly bootstrap hack to get to-be-generated files created
# Try to guess what file this dependency file is from...
# Ugly bootstrap hack to get to-be-generated files created
# Try to guess what file this dependency file is from...
# Ugly bootstrap hack to get to-be-generated files created
# Try to guess what file this dependency file is from...
# Ugly bootstrap hack to get to-be-generated files created
# Try to guess what file this dependency file is from...
# Ugly bootstrap hack to get to-be-generated files created
# Try to guess what file this dependency file is from...
# Ugly bootstrap hack to get to-be-generated files created
# Try to guess what file this dependency file is from...
# Ugly bootstrap hack to get to-be-generated files created
# Try to guess what file this dependency file is from...
# Ugly bootstrap hack to get to-be-generated files created
# Try to guess what file this dependency file is from...
# Ugly bootstrap hack to get to-be-generated files created
# Try to guess what file this dependency file is from...
# Ugly bootstrap hack to get to-be-generated files created
# Try to guess what file this dependency file is from...
# Ugly bootstrap hack to get to-be-generated files created
# Try to guess what file this dependency file is from...
# Ugly bootstrap hack to get to-be-generated files created
# Try to guess what file this dependency file is from...
# Ugly bootstrap hack to get to-be-generated files created
# Try to guess what file this dependency file is from...
# Ugly bootstrap hack to get to-be-generated files created
# Try to guess what file this dependency file is from...
# Ugly bootstrap hack to get to-be-generated files created
# Try to guess what file this dependency file is from...
# Ugly bootstrap hack to get to-be-generated files created
# Try to guess what file this dependency file is from...
# Ugly bootstrap hack to get to-be-generated files created
# Try to guess what file this dependency file is from...
# Ugly bootstrap hack to get to-be-generated files created
# Try to guess what file this dependency file is from...
# Ugly bootstrap hack to get to-be-generated files created
# Try to guess what file this dependency file is from...
# Ugly bootstrap hack to get to-be-generated files created
# Try to guess what file this dependency file is from...
# Ugly bootstrap hack to get to-be-generated files created
# Try to guess what file this dependency file is from...
# Ugly bootstrap hack to get to-be-generated files created
# Try to guess what file this dependency file is from...
# Ugly bootstrap hack to get to-be-generated files created
# Try to guess what file this dependency file is from...
# Ugly bootstrap hack to get to-be-generated files created
# Try to guess what file this dependency file is from...
# Ugly bootstrap hack to get to-be-generated files created
# Try to guess what file this dependency file is from...
# Ugly bootstrap hack to get to-be-generated files created
# Try to guess what file this dependency file is from...
# Ugly bootstrap hack to get to-be-generated files created
# Try to guess what file this dependency file is from...
# Ugly bootstrap hack to get to-be-generated files created
# Try to guess what file this dependency file is from...
# Ugly bootstrap hack to get to-be-generated files created
# Try to guess what file this dependency file is from...
# Ugly bootstrap hack to get to-be-generated files created
# Try to guess what file this dependency file is from...
# Ugly bootstrap hack to get to-be-generated files created
# Try to guess what file this dependency file is from...
# Ugly bootstrap hack to get to-be-generated files created
# Try to guess what file this dependency file is from...
# Ugly bootstrap hack to get to-be-generated files created
# Try to guess what file this dependency file is from...
# Ugly bootstrap hack to get to-be-generated files created
# Try to guess what file this dependency file is from...
# Ugly bootstrap hack to get to-be-generated files created
# Try to guess what file this dependency file is from...
# Ugly bootstrap hack to get to-be-generated files created
# Try to guess what file this dependency file is from...
# Ugly bootstrap hack to get to-be-generated files created
# Try to guess what file this dependency file is from...
# Ugly bootstrap hack to get to-be-generated files created
# Try to guess what file this dependency file is from...
# Ugly bootstrap hack to get to-be-generated files created
# Try to guess what file this dependency file is from...
# Ugly bootstrap hack to get to-be-generated files created
# Try to guess what file this dependency file is from...
# Ugly bootstrap hack to get to-be-generated files created
# Try to guess what file this dependency file is from...
# Ugly bootstrap hack to get to-be-generated files created
# Try to guess what file this dependency file is from...
# Ugly bootstrap hack to get to-be-generated files created
# Try to guess what file this dependency file is from...
# Ugly bootstrap hack to get to-be-generated files created
# Try to guess what file this dependency file is from...
# Ugly bootstrap hack to get to-be-generated files created
# Try to guess what file this dependency file is from...
# Ugly bootstrap hack to get to-be-generated files created
# Try to guess what file this dependency file is from...
# Ugly bootstrap hack to get to-be-generated files created
# Try to guess what file this dependency file is from...
# Ugly bootstrap hack to get to-be-generated files created
# Try to guess what file this dependency file is from...
# Ugly bootstrap hack to get to-be-generated files created
# Try to guess what file this dependency file is from...
# Ugly bootstrap hack to get to-be-generated files created
# Try to guess what file this dependency file is from...
# Ugly bootstrap hack to get to-be-generated files created
# Try to guess what file this dependency file is from...
# Ugly bootstrap hack to get to-be-generated files created
# Try to guess what file this dependency file is from...
# Ugly bootstrap hack to get to-be-generated files created
# Try to guess what file this dependency file is from...
# Ugly bootstrap hack to get to-be-generated files created
# Try to guess what file this dependency file is from...
# Ugly bootstrap hack to get to-be-generated files created
# Try to guess what file this dependency file is from...
# Ugly bootstrap hack to get to-be-generated files created
# Try to guess what file this dependency file is from...
# Ugly bootstrap hack to get to-be-generated files created
# Try to guess what file this dependency file is from...
# Ugly bootstrap hack to get to-be-generated files created
# Try to guess what file this dependency file is from...
# Ugly bootstrap hack to get to-be-generated files created
# Try to guess what file this dependency file is from...
# Ugly bootstrap hack to get to-be-generated files created
# Try to guess what file this dependency file is from...
# Ugly bootstrap hack to get to-be-generated files created
# Try to guess what file this dependency file is from...
# Ugly bootstrap hack to get to-be-generated files created
# Try to guess what file this dependency file is from...
# Ugly bootstrap hack to get to-be-generated files created
# Try to guess what file this dependency file is from...
# Ugly bootstrap hack to get to-be-generated files created
# Try to guess what file this dependency file is from...
# Ugly bootstrap hack to get to-be-generated files created
# Try to guess what file this dependency file is from...
# Ugly bootstrap hack to get to-be-generated files created
# Try to guess what file this dependency file is from...
# Ugly bootstrap hack to get to-be-generated files created
# Try to guess what file this dependency file is from...
# Ugly bootstrap hack to get to-be-generated files created
# Try to guess what file this dependency file is from...
# Ugly bootstrap hack to get to-be-generated files created
# Try to guess what file this dependency file is from...
# Ugly bootstrap hack to get to-be-generated files created
# Try to guess what file this dependency file is from...
# Ugly bootstrap hack to get to-be-generated files created
# Try to guess what file this dependency file is from...
# Ugly bootstrap hack to get to-be-generated files created
# Try to guess what file this dependency file is from...
# Ugly bootstrap hack to get to-be-generated files created
# Try to guess what file this dependency file is from...
# Ugly bootstrap hack to get to-be-generated files created
# Try to guess what file this dependency file is from...
# Ugly bootstrap hack to get to-be-generated files created
# Try to guess what file this dependency file is from...
# Ugly bootstrap hack to get to-be-generated files created
# Try to guess what file this dependency file is from...
# Ugly bootstrap hack to get to-be-generated files created
# Try to guess what file this dependency file is from...
# Ugly bootstrap hack to get to-be-generated files created
# Try to guess what file this dependency file is from...
# Ugly bootstrap hack to get to-be-generated files created
# Try to guess what file this dependency file is from...
# Ugly bootstrap hack to get to-be-generated files created
# Try to guess what file this dependency file is from...
# Ugly bootstrap hack to get to-be-generated files created
# Try to guess what file this dependency file is from...
# Ugly bootstrap hack to get to-be-generated files created
# Try to guess what file this dependency file is from...
# Ugly bootstrap hack to get to-be-generated files created
# Try to guess what file this dependency file is from...
# Ugly bootstrap hack to get to-be-generated files created
# Try to guess what file this dependency file is from...
# Ugly bootstrap hack to get to-be-generated files created
# Try to guess what file this dependency file is from...
# Ugly bootstrap hack to get to-be-generated files created
# Try to guess what file this dependency file is from...
# Ugly bootstrap hack to get to-be-generated files created
# Try to guess what file this dependency file is from...
# Ugly bootstrap hack to get to-be-generated files created
# Try to guess what file this dependency file is from...
# Ugly bootstrap hack to get to-be-generated files created
# Try to guess what file this dependency file is from...
# Ugly bootstrap hack to get to-be-generated files created
# Try to guess what file this dependency file is from...
# Ugly bootstrap hack to get to-be-generated files created
# Try to guess what file this dependency file is from...
# Ugly bootstrap hack to get to-be-generated files created
# Try to guess what file this dependency file is from...
# Ugly bootstrap hack to get to-be-generated files created
# Try to guess what file this dependency file is from...
# Ugly bootstrap hack to get to-be-generated files created
# Try to guess what file this dependency file is from...
# Ugly bootstrap hack to get to-be-generated files created
# Try to guess what file this dependency file is from...
# Ugly bootstrap hack to get to-be-generated files created
# Try to guess what file this dependency file is from...
# Ugly bootstrap hack to get to-be-generated files created
# Try to guess what file this dependency file is from...
# Ugly bootstrap hack to get to-be-generated files created
# Try to guess what file this dependency file is from...
# Ugly bootstrap hack to get to-be-generated files created
# Try to guess what file this dependency file is from...
# Ugly bootstrap hack to get to-be-generated files created
# Try to guess what file this dependency file is from...
# Ugly bootstrap hack to get to-be-generated files created
# Try to guess what file this dependency file is from...
# Ugly bootstrap hack to get to-be-generated files created
# Try to guess what file this dependency file is from...
# Ugly bootstrap hack to get to-be-generated files created
# Try to guess what file this dependency file is from...
# Ugly bootstrap hack to get to-be-generated files created
# Try to guess what file this dependency file is from...
# Ugly bootstrap hack to get to-be-generated files created
# Try to guess what file this dependency file is from...
# Ugly bootstrap hack to get to-be-generated files created
# Try to guess what file this dependency file is from...
# Ugly bootstrap hack to get to-be-generated files created
# Try to guess what file this dependency file is from...
# Ugly bootstrap hack to get to-be-generated files created
# Try to guess what file this dependency file is from...
# Ugly bootstrap hack to get to-be-generated files created
# Try to guess what file this dependency file is from...
# Ugly bootstrap hack to get to-be-generated files created
# Try to guess what file this dependency file is from...
# Ugly bootstrap hack to get to-be-generated files created
# Try to guess what file this dependency file is from...
# Ugly bootstrap hack to get to-be-generated files created
# Try to guess what file this dependency file is from...
# Ugly bootstrap hack to get to-be-generated files created
# Try to guess what file this dependency file is from...
# Ugly bootstrap hack to get to-be-generated files created
# Try to guess what file this dependency file is from...
# Ugly bootstrap hack to get to-be-generated files created
# Try to guess what file this dependency file is from...
# Ugly bootstrap hack to get to-be-generated files created
# Try to guess what file this dependency file is from...
# Ugly bootstrap hack to get to-be-generated files created
# Try to guess what file this dependency file is from...
# Ugly bootstrap hack to get to-be-generated files created
# Try to guess what file this dependency file is from...
# Ugly bootstrap hack to get to-be-generated files created
# Try to guess what file this dependency file is from...
# Ugly bootstrap hack to get to-be-generated files created
# Try to guess what file this dependency file is from...
# Ugly bootstrap hack to get to-be-generated files created
# Try to guess what file this dependency file is from...
# Ugly bootstrap hack to get to-be-generated files created
# Try to guess what file this dependency file is from...
# Ugly bootstrap hack to get to-be-generated files created
# Try to guess what file this dependency file is from...
# Ugly bootstrap hack to get to-be-generated files created
# Try to guess what file this dependency file is from...
# Ugly bootstrap hack to get to-be-generated files created
# Try to guess what file this dependency file is from...
# Ugly bootstrap hack to get to-be-generated files created
# Try to guess what file this dependency file is from...
# Ugly bootstrap hack to get to-be-generated files created
# Try to guess what file this dependency file is from...
# Ugly bootstrap hack to get to-be-generated files created
# Try to guess what file this dependency file is from...
# Ugly bootstrap hack to get to-be-generated files created
# Try to guess what file this dependency file is from...
# Ugly bootstrap hack to get to-be-generated files created
# Try to guess what file this dependency file is from...
# Ugly bootstrap hack to get to-be-generated files created
# Try to guess what file this dependency file is from...
# Ugly bootstrap hack to get to-be-generated files created
# Try to guess what file this dependency file is from...
# Ugly bootstrap hack to get to-be-generated files created
# Try to guess what file this dependency file is from...
# Ugly bootstrap hack to get to-be-generated files created
# Try to guess what file this dependency file is from...
# Ugly bootstrap hack to get to-be-generated files created
# Try to guess what file this dependency file is from...
# Ugly bootstrap hack to get to-be-generated files created
# Try to guess what file this dependency file is from...
# Ugly bootstrap hack to get to-be-generated files created
# Try to guess what file this dependency file is from...
# Ugly bootstrap hack to get to-be-generated files created
# Try to guess what file this dependency file is from...
# Ugly bootstrap hack to get to-be-generated files created
# Try to guess what file this dependency file is from...
# Ugly bootstrap hack to get to-be-generated files created
# Try to guess what file this dependency file is from...
# Ugly bootstrap hack to get to-be-generated files created
# Try to guess what file this dependency file is from...
# Ugly bootstrap hack to get to-be-generated files created
# Try to guess what file this dependency file is from...
# Ugly bootstrap hack to get to-be-generated files created
# Try to guess what file this dependency file is from...
# Ugly bootstrap hack to get to-be-generated files created
# Try to guess what file this dependency file is from...
# Ugly bootstrap hack to get to-be-generated files created
# Try to guess what file this dependency file is from...
# Ugly bootstrap hack to get to-be-generated files created
# Try to guess what file this dependency file is from...
# Ugly bootstrap hack to get to-be-generated files created
# Try to guess what file this dependency file is from...
# Ugly bootstrap hack to get to-be-generated files created
# Try to guess what file this dependency file is from...
# Ugly bootstrap hack to get to-be-generated files created
# Try to guess what file this dependency file is from...
# Ugly bootstrap hack to get to-be-generated files created
# Try to guess what file this dependency file is from...
# Ugly bootstrap hack to get to-be-generated files created
# Try to guess what file this dependency file is from...
# Ugly bootstrap hack to get to-be-generated files created
# Try to guess what file this dependency file is from...
# Ugly bootstrap hack to get to-be-generated files created
# Try to guess what file this dependency file is from...
# Ugly bootstrap hack to get to-be-generated files created
# Try to guess what file this dependency file is from...
# Ugly bootstrap hack to get to-be-generated files created
# Try to guess what file this dependency file is from...
# Ugly bootstrap hack to get to-be-generated files created
# Try to guess what file this dependency file is from...
# Ugly bootstrap hack to get to-be-generated files created
# Try to guess what file this dependency file is from...
# Ugly bootstrap hack to get to-be-generated files created
# Try to guess what file this dependency file is from...
# Ugly bootstrap hack to get to-be-generated files created
# Try to guess what file this dependency file is from...
# Ugly bootstrap hack to get to-be-generated files created
# Try to guess what file this dependency file is from...
# Ugly bootstrap hack to get to-be-generated files created
# Try to guess what file this dependency file is from...
# Ugly bootstrap hack to get to-be-generated files created
# Try to guess what file this dependency file is from...
# Ugly bootstrap hack to get to-be-generated files created
# Try to guess what file this dependency file is from...
# Ugly bootstrap hack to get to-be-generated files created
# Try to guess what file this dependency file is from...
# Ugly bootstrap hack to get to-be-generated files created
# Try to guess what file this dependency file is from...
# Ugly bootstrap hack to get to-be-generated files created
# Try to guess what file this dependency file is from...
# Ugly bootstrap hack to get to-be-generated files created
# Try to guess what file this dependency file is from...
# Ugly bootstrap hack to get to-be-generated files created
# Try to guess what file this dependency file is from...
# Ugly bootstrap hack to get to-be-generated files created
# Try to guess what file this dependency file is from...
# Ugly bootstrap hack to get to-be-generated files created
# Try to guess what file this dependency file is from...
# Ugly bootstrap hack to get to-be-generated files created
# Try to guess what file this dependency file is from...
# Ugly bootstrap hack to get to-be-generated files created
# Try to guess what file this dependency file is from...
# Ugly bootstrap hack to get to-be-generated files created
# Try to guess what file this dependency file is from...
# Ugly bootstrap hack to get to-be-generated files created
# Try to guess what file this dependency file is from...
# Ugly bootstrap hack to get to-be-generated files created
# Try to guess what file this dependency file is from...
# Ugly bootstrap hack to get to-be-generated files created
# Try to guess what file this dependency file is from...
# Ugly bootstrap hack to get to-be-generated files created
# Try to guess what file this dependency file is from...
# Ugly bootstrap hack to get to-be-generated files created
# Try to guess what file this dependency file is from...
# Ugly bootstrap hack to get to-be-generated files created
# Try to guess what file this dependency file is from...
# Ugly bootstrap hack to get to-be-generated files created
# Try to guess what file this dependency file is from...
# Ugly bootstrap hack to get to-be-generated files created
# Try to guess what file this dependency file is from...
# Ugly bootstrap hack to get to-be-generated files created
# Try to guess what file this dependency file is from...
# Ugly bootstrap hack to get to-be-generated files created
# Try to guess what file this dependency file is from...
# Ugly bootstrap hack to get to-be-generated files created
# Try to guess what file this dependency file is from...
# Ugly bootstrap hack to get to-be-generated files created
# Try to guess what file this dependency file is from...
# Ugly bootstrap hack to get to-be-generated files created
# Try to guess what file this dependency file is from...
# Ugly bootstrap hack to get to-be-generated files created
# Try to guess what file this dependency file is from...
# Ugly bootstrap hack to get to-be-generated files created
# Try to guess what file this dependency file is from...
# Ugly bootstrap hack to get to-be-generated files created
# Try to guess what file this dependency file is from...
# Ugly bootstrap hack to get to-be-generated files created
# Try to guess what file this dependency file is from...
# Ugly bootstrap hack to get to-be-generated files created
# Try to guess what file this dependency file is from...
# Ugly bootstrap hack to get to-be-generated files created
# Try to guess what file this dependency file is from...
# Ugly bootstrap hack to get to-be-generated files created
# Try to guess what file this dependency file is from...
# Ugly bootstrap hack to get to-be-generated files created
# Try to guess what file this dependency file is from...
# Ugly bootstrap hack to get to-be-generated files created
# Try to guess what file this dependency file is from...
# Ugly bootstrap hack to get to-be-generated files created
# Try to guess what file this dependency file is from...
# Ugly bootstrap hack to get to-be-generated files created
# Try to guess what file this dependency file is from...
# Ugly bootstrap hack to get to-be-generated files created
# Try to guess what file this dependency file is from...
# Ugly bootstrap hack to get to-be-generated files created
# Try to guess what file this dependency file is from...
# Ugly bootstrap hack to get to-be-generated files created
# Try to guess what file this dependency file is from...
# Ugly bootstrap hack to get to-be-generated files created
# Try to guess what file this dependency file is from...
# Ugly bootstrap hack to get to-be-generated files created
# Try to guess what file this dependency file is from...
# Ugly bootstrap hack to get to-be-generated files created
# Try to guess what file this dependency file is from...
# Ugly bootstrap hack to get to-be-generated files created
# Try to guess what file this dependency file is from...
# Ugly bootstrap hack to get to-be-generated files created
# Try to guess what file this dependency file is from...
# Ugly bootstrap hack to get to-be-generated files created
# Try to guess what file this dependency file is from...
# Ugly bootstrap hack to get to-be-generated files created
# Try to guess what file this dependency file is from...
# Ugly bootstrap hack to get to-be-generated files created
# Try to guess what file this dependency file is from...
# Ugly bootstrap hack to get to-be-generated files created
# Try to guess what file this dependency file is from...
# Ugly bootstrap hack to get to-be-generated files created
# Try to guess what file this dependency file is from...
# Ugly bootstrap hack to get to-be-generated files created
# Try to guess what file this dependency file is from...
# Ugly bootstrap hack to get to-be-generated files created
# Try to guess what file this dependency file is from...
# Ugly bootstrap hack to get to-be-generated files created
# Try to guess what file this dependency file is from...
# Ugly bootstrap hack to get to-be-generated files created
# Try to guess what file this dependency file is from...
# Ugly bootstrap hack to get to-be-generated files created
# Try to guess what file this dependency file is from...
# Ugly bootstrap hack to get to-be-generated files created
# Try to guess what file this dependency file is from...
# Ugly bootstrap hack to get to-be-generated files created
# Try to guess what file this dependency file is from...
# Ugly bootstrap hack to get to-be-generated files created
# Try to guess what file this dependency file is from...
# Ugly bootstrap hack to get to-be-generated files created
# Try to guess what file this dependency file is from...
# Ugly bootstrap hack to get to-be-generated files created
# Try to guess what file this dependency file is from...
# Ugly bootstrap hack to get to-be-generated files created
# Try to guess what file this dependency file is from...
# Ugly bootstrap hack to get to-be-generated files created
# Try to guess what file this dependency file is from...
# Ugly bootstrap hack to get to-be-generated files created
# Try to guess what file this dependency file is from...
# Ugly bootstrap hack to get to-be-generated files created
# Try to guess what file this dependency file is from...
# Ugly bootstrap hack to get to-be-generated files created
# Try to guess what file this dependency file is from...
# Ugly bootstrap hack to get to-be-generated files created
# Try to guess what file this dependency file is from...
# Ugly bootstrap hack to get to-be-generated files created
# Try to guess what file this dependency file is from...
# Ugly bootstrap hack to get to-be-generated files created
# Try to guess what file this dependency file is from...
# Ugly bootstrap hack to get to-be-generated files created
# Try to guess what file this dependency file is from...
# Ugly bootstrap hack to get to-be-generated files created
# Try to guess what file this dependency file is from...
# Ugly bootstrap hack to get to-be-generated files created
# Try to guess what file this dependency file is from...
# Ugly bootstrap hack to get to-be-generated files created
# Try to guess what file this dependency file is from...
# Ugly bootstrap hack to get to-be-generated files created
# Try to guess what file this dependency file is from...
# Ugly bootstrap hack to get to-be-generated files created
# Try to guess what file this dependency file is from...
# Ugly bootstrap hack to get to-be-generated files created
# Try to guess what file this dependency file is from...
# Ugly bootstrap hack to get to-be-generated files created
# Try to guess what file this dependency file is from...
# Ugly bootstrap hack to get to-be-generated files created
# Try to guess what file this dependency file is from...
# Ugly bootstrap hack to get to-be-generated files created
# Try to guess what file this dependency file is from...
# Ugly bootstrap hack to get to-be-generated files created
# Try to guess what file this dependency file is from...
# Ugly bootstrap hack to get to-be-generated files created
# Try to guess what file this dependency file is from...
# Ugly bootstrap hack to get to-be-generated files created
# Try to guess what file this dependency file is from...
# Ugly bootstrap hack to get to-be-generated files created
# Try to guess what file this dependency file is from...
# Ugly bootstrap hack to get to-be-generated files created
# Try to guess what file this dependency file is from...
# Ugly bootstrap hack to get to-be-generated files created
# Try to guess what file this dependency file is from...
# Ugly bootstrap hack to get to-be-generated files created
# Try to guess what file this dependency file is from...
# Ugly bootstrap hack to get to-be-generated files created
# Try to guess what file this dependency file is from...
# Ugly bootstrap hack to get to-be-generated files created
# Try to guess what file this dependency file is from...
# Ugly bootstrap hack to get to-be-generated files created
# Try to guess what file this dependency file is from...
# Ugly bootstrap hack to get to-be-generated files created
# Try to guess what file this dependency file is from...
# Ugly bootstrap hack to get to-be-generated files created
# Try to guess what file this dependency file is from...
# Ugly bootstrap hack to get to-be-generated files created
# Try to guess what file this dependency file is from...
# Ugly bootstrap hack to get to-be-generated files created
# Try to guess what file this dependency file is from...
# Ugly bootstrap hack to get to-be-generated files created
# Try to guess what file this dependency file is from...
# Ugly bootstrap hack to get to-be-generated files created
# Try to guess what file this dependency file is from...
# Ugly bootstrap hack to get to-be-generated files created
# Try to guess what file this dependency file is from...
# Ugly bootstrap hack to get to-be-generated files created
# Try to guess what file this dependency file is from...
# Ugly bootstrap hack to get to-be-generated files created
# Try to guess what file this dependency file is from...
# Ugly bootstrap hack to get to-be-generated files created
# Try to guess what file this dependency file is from...
# Ugly bootstrap hack to get to-be-generated files created
# Try to guess what file this dependency file is from...
# Ugly bootstrap hack to get to-be-generated files created
# Try to guess what file this dependency file is from...
# Ugly bootstrap hack to get to-be-generated files created
# Try to guess what file this dependency file is from...
# Ugly bootstrap hack to get to-be-generated files created
# Try to guess what file this dependency file is from...
# Ugly bootstrap hack to get to-be-generated files created
# Try to guess what file this dependency file is from...
# Ugly bootstrap hack to get to-be-generated files created
# Try to guess what file this dependency file is from...
# Ugly bootstrap hack to get to-be-generated files created
# Try to guess what file this dependency file is from...
# Ugly bootstrap hack to get to-be-generated files created
# Try to guess what file this dependency file is from...
# Ugly bootstrap hack to get to-be-generated files created
# Try to guess what file this dependency file is from...
# Ugly bootstrap hack to get to-be-generated files created
# Try to guess what file this dependency file is from...
# Ugly bootstrap hack to get to-be-generated files created
# Try to guess what file this dependency file is from...
# Ugly bootstrap hack to get to-be-generated files created
# Try to guess what file this dependency file is from...
# Ugly bootstrap hack to get to-be-generated files created
# Try to guess what file this dependency file is from...
# Ugly bootstrap hack to get to-be-generated files created
# Try to guess what file this dependency file is from...
# Ugly bootstrap hack to get to-be-generated files created
# Try to guess what file this dependency file is from...
# Ugly bootstrap hack to get to-be-generated files created
# Try to guess what file this dependency file is from...
# Ugly bootstrap hack to get to-be-generated files created
# Try to guess what file this dependency file is from...
# Ugly bootstrap hack to get to-be-generated files created
# Try to guess what file this dependency file is from...
# Ugly bootstrap hack to get to-be-generated files created
# Try to guess what file this dependency file is from...
# Ugly bootstrap hack to get to-be-generated files created
# Try to guess what file this dependency file is from...
# Ugly bootstrap hack to get to-be-generated files created
# Try to guess what file this dependency file is from...
# Ugly bootstrap hack to get to-be-generated files created
# Try to guess what file this dependency file is from...
# Ugly bootstrap hack to get to-be-generated files created
# Try to guess what file this dependency file is from...
# Ugly bootstrap hack to get to-be-generated files created
# Try to guess what file this dependency file is from...
# Ugly bootstrap hack to get to-be-generated files created
# Try to guess what file this dependency file is from...
# Ugly bootstrap hack to get to-be-generated files created
# Try to guess what file this dependency file is from...
# Ugly bootstrap hack to get to-be-generated files created
# Try to guess what file this dependency file is from...
# Ugly bootstrap hack to get to-be-generated files created
# Try to guess what file this dependency file is from...
# Ugly bootstrap hack to get to-be-generated files created
# Try to guess what file this dependency file is from...
# Ugly bootstrap hack to get to-be-generated files created
# Try to guess what file this dependency file is from...
# Ugly bootstrap hack to get to-be-generated files created
# Try to guess what file this dependency file is from...
# Ugly bootstrap hack to get to-be-generated files created
# Try to guess what file this dependency file is from...
# Ugly bootstrap hack to get to-be-generated files created
# Try to guess what file this dependency file is from...
# Ugly bootstrap hack to get to-be-generated files created
# Try to guess what file this dependency file is from...
# Ugly bootstrap hack to get to-be-generated files created
# Try to guess what file this dependency file is from...
# Ugly bootstrap hack to get to-be-generated files created
# Try to guess what file this dependency file is from...
# Ugly bootstrap hack to get to-be-generated files created
# Try to guess what file this dependency file is from...
# Ugly bootstrap hack to get to-be-generated files created
# Try to guess what file this dependency file is from...
# Ugly bootstrap hack to get to-be-generated files created
# Try to guess what file this dependency file is from...
# Ugly bootstrap hack to get to-be-generated files created
# Try to guess what file this dependency file is from...
# Ugly bootstrap hack to get to-be-generated files created
# Try to guess what file this dependency file is from...
# Ugly bootstrap hack to get to-be-generated files created
# Try to guess what file this dependency file is from...
# Ugly bootstrap hack to get to-be-generated files created
# Try to guess what file this dependency file is from...
# Ugly bootstrap hack to get to-be-generated files created
# Try to guess what file this dependency file is from...
# Ugly bootstrap hack to get to-be-generated files created
# Try to guess what file this dependency file is from...
# Ugly bootstrap hack to get to-be-generated files created
# Try to guess what file this dependency file is from...
# Ugly bootstrap hack to get to-be-generated files created
# Try to guess what file this dependency file is from...
# Ugly bootstrap hack to get to-be-generated files created
# Try to guess what file this dependency file is from...
# Ugly bootstrap hack to get to-be-generated files created
# Try to guess what file this dependency file is from...
# Ugly bootstrap hack to get to-be-generated files created
# Try to guess what file this dependency file is from...
# Ugly bootstrap hack to get to-be-generated files created
# Try to guess what file this dependency file is from...
# Ugly bootstrap hack to get to-be-generated files created
# Try to guess what file this dependency file is from...
# Ugly bootstrap hack to get to-be-generated files created
# Try to guess what file this dependency file is from...
# Ugly bootstrap hack to get to-be-generated files created
# Try to guess what file this dependency file is from...
# Ugly bootstrap hack to get to-be-generated files created
# Try to guess what file this dependency file is from...
# Ugly bootstrap hack to get to-be-generated files created
# Try to guess what file this dependency file is from...
# Ugly bootstrap hack to get to-be-generated files created
# Try to guess what file this dependency file is from...
# Ugly bootstrap hack to get to-be-generated files created
# Try to guess what file this dependency file is from...
# Ugly bootstrap hack to get to-be-generated files created
# Try to guess what file this dependency file is from...
# Ugly bootstrap hack to get to-be-generated files created
# Try to guess what file this dependency file is from...
# Ugly bootstrap hack to get to-be-generated files created
# Try to guess what file this dependency file is from...
# Ugly bootstrap hack to get to-be-generated files created
# Try to guess what file this dependency file is from...
# Ugly bootstrap hack to get to-be-generated files created
# Try to guess what file this dependency file is from...
# Ugly bootstrap hack to get to-be-generated files created
# Try to guess what file this dependency file is from...
# Ugly bootstrap hack to get to-be-generated files created
# Try to guess what file this dependency file is from...
# Ugly bootstrap hack to get to-be-generated files created
# Try to guess what file this dependency file is from...
# Ugly bootstrap hack to get to-be-generated files created
# Try to guess what file this dependency file is from...
# Ugly bootstrap hack to get to-be-generated files created
# Try to guess what file this dependency file is from...
# Ugly bootstrap hack to get to-be-generated files created
# Try to guess what file this dependency file is from...
# Ugly bootstrap hack to get to-be-generated files created
# Try to guess what file this dependency file is from...
# Ugly bootstrap hack to get to-be-generated files created
# Try to guess what file this dependency file is from...
# Ugly bootstrap hack to get to-be-generated files created
# Try to guess what file this dependency file is from...
# Ugly bootstrap hack to get to-be-generated files created
# Try to guess what file this dependency file is from...
# Ugly bootstrap hack to get to-be-generated files created
# Try to guess what file this dependency file is from...
# Ugly bootstrap hack to get to-be-generated files created
# Try to guess what file this dependency file is from...
# Ugly bootstrap hack to get to-be-generated files created
# Try to guess what file this dependency file is from...
# Ugly bootstrap hack to get to-be-generated files created
# Try to guess what file this dependency file is from...
# Ugly bootstrap hack to get to-be-generated files created
# Try to guess what file this dependency file is from...
# Ugly bootstrap hack to get to-be-generated files created
# Try to guess what file this dependency file is from...
# Ugly bootstrap hack to get to-be-generated files created
# Try to guess what file this dependency file is from...
# Ugly bootstrap hack to get to-be-generated files created
# Try to guess what file this dependency file is from...
# Ugly bootstrap hack to get to-be-generated files created
# Try to guess what file this dependency file is from...
# Ugly bootstrap hack to get to-be-generated files created
# Try to guess what file this dependency file is from...
# Ugly bootstrap hack to get to-be-generated files created
# Try to guess what file this dependency file is from...
# Ugly bootstrap hack to get to-be-generated files created
# Try to guess what file this dependency file is from...
# Ugly bootstrap hack to get to-be-generated files created
# Try to guess what file this dependency file is from...
# Ugly bootstrap hack to get to-be-generated files created
# Try to guess what file this dependency file is from...
# Ugly bootstrap hack to get to-be-generated files created
# Try to guess what file this dependency file is from...
# Ugly bootstrap hack to get to-be-generated files created
# Try to guess what file this dependency file is from...
# Ugly bootstrap hack to get to-be-generated files created
# Try to guess what file this dependency file is from...
# Ugly bootstrap hack to get to-be-generated files created
# Try to guess what file this dependency file is from...
config.status:1483: $? = 0

## ---------------- ##
## Cache variables. ##
## ---------------- ##

ac_cv_build=x86_64-pc-linux-gnu
ac_cv_c_compiler_gnu=yes
ac_cv_env_CCASFLAGS_set=
ac_cv_env_CCASFLAGS_value=
ac_cv_env_CCAS_set=
ac_cv_env_CCAS_value=
ac_cv_env_CC_set=
ac_cv_env_CC_value=
ac_cv_env_CFLAGS_set=
ac_cv_env_CFLAGS_value=
ac_cv_env_CPPFLAGS_set=
ac_cv_env_CPPFLAGS_value=
ac_cv_env_CPP_set=
ac_cv_env_CPP_value=
ac_cv_env_LDFLAGS_set=
ac_cv_env_LDFLAGS_value=
ac_cv_env_LIBS_set=
ac_cv_env_LIBS_value=
ac_cv_env_MIG_set=set
ac_cv_env_MIG_value=/usr/local/bin/mig
ac_cv_env_USER_CC_set=
ac_cv_env_USER_CC_value=
ac_cv_env_USER_CFLAGS_set=
ac_cv_env_USER_CFLAGS_value=
ac_cv_env_USER_CPPFLAGS_set=
ac_cv_env_USER_CPPFLAGS_value=
ac_cv_env_USER_CPP_set=
ac_cv_env_USER_CPP_value=
ac_cv_env_USER_MIG_set=
ac_cv_env_USER_MIG_value=
ac_cv_env_build_alias_set=
ac_cv_env_build_alias_value=
ac_cv_env_host_alias_set=set
ac_cv_env_host_alias_value=x86_64-gnu
ac_cv_env_target_alias_set=
ac_cv_env_target_alias_value=
ac_cv_host=x86_64-pc-gnu
ac_cv_objext=o
ac_cv_path_SED=/usr/bin/sed
ac_cv_path_install='/usr/bin/install -c'
ac_cv_path_mkdir=/usr/bin/mkdir
ac_cv_prog_AR=ar
ac_cv_prog_AWK=gawk
ac_cv_prog_AWK_PROG=awk
ac_cv_prog_CC=gcc
ac_cv_prog_CPP='gcc -E'
ac_cv_prog_GZIP=gzip
ac_cv_prog_MIG=/usr/local/bin/mig
ac_cv_prog_PATCH=patch
ac_cv_prog_STRIP=strip
ac_cv_prog_USER_CC=gcc
ac_cv_prog_USER_CPP='gcc -E'
ac_cv_prog_ac_ct_AR=ar
ac_cv_prog_ac_ct_CC=gcc
ac_cv_prog_ac_ct_LD=ld
ac_cv_prog_ac_ct_NM=nm
ac_cv_prog_ac_ct_RANLIB=ranlib
ac_cv_prog_ac_ct_STRIP=strip
ac_cv_prog_cc_c11=
ac_cv_prog_cc_g=yes
ac_cv_prog_cc_stdc=
ac_cv_prog_make_make_set=yes
am_cv_CCAS_dependencies_compiler_type=gcc3
am_cv_CC_dependencies_compiler_type=gcc3
am_cv_ar_interface=ar
am_cv_make_support_nested_variables=yes
am_cv_prog_cc_c_o=yes

## ----------------- ##
## Output variables. ##
## ----------------- ##

ACLOCAL='${SHELL} '\''/home/runner/work/cognu-mach/cognu-mach/build-aux/missing'\'' aclocal-1.16'
AMDEPBACKSLASH='\'
AMDEP_FALSE='#'
AMDEP_TRUE=''
AMTAR='$${TAR-tar}'
AM_BACKSLASH='\'
AM_DEFAULT_V='$(AM_DEFAULT_VERBOSITY)'
AM_DEFAULT_VERBOSITY='1'
AM_V='$(V)'
AR='ar'
AUTOCONF='${SHELL} '\''/home/runner/work/cognu-mach/cognu-mach/build-aux/missing'\'' autoconf'
AUTOHEADER='${SHELL} '\''/home/runner/work/cognu-mach/cognu-mach/build-aux/missing'\'' autoheader'
AUTOMAKE='${SHELL} '\''/home/runner/work/cognu-mach/cognu-mach/build-aux/missing'\'' automake-1.16'
AWK='gawk'
AWK_PROG='awk'
CC='gcc'
CCAS='gcc'
CCASDEPMODE='depmode=gcc3'
CCASFLAGS='-g -O2 -ffreestanding -nostdlib'
CCDEPMODE='depmode=gcc3'
CFLAGS='-g -O2 -ffreestanding -nostdlib -g -O2 -Wall -Wextra -Wstrict-prototypes -Wmissing-prototypes -Wmissing-declarations -Wformat=2 -Wformat-security -Wold-style-definition -Wno-unused-parameter -Wno-sign-compare'
CODE_linux_FALSE=''
CODE_linux_TRUE='#'
CPP='gcc -E'
CPPFLAGS=''
CSCOPE='cscope'
CTAGS='ctags'
CYGPATH_W='echo'
DEFS='-DHAVE_CONFIG_H'
DEPDIR='.deps'
ECHO_C=''
ECHO_N='-n'
ECHO_T=''
ENABLE_DEBUG_INFO_FALSE='#'
ENABLE_DEBUG_INFO_TRUE=''
ETAGS='etags'
EXEEXT=''
GZIP='gzip'
HOST_aarch64_FALSE=''
HOST_aarch64_TRUE='#'
HOST_ix86_FALSE=''
HOST_ix86_TRUE='#'
HOST_x86_64_FALSE='#'
HOST_x86_64_TRUE=''
INSTALL_DATA='${INSTALL} -m 644'
INSTALL_PROGRAM='${INSTALL}'
INSTALL_SCRIPT='${INSTALL}'
INSTALL_STRIP_PROGRAM='$(install_sh) -c -s'
LD='ld'
LDFLAGS=''
LIBOBJS=''
LIBS=''
LTLIBOBJS=''
MAKEINFO='${SHELL} '\''/home/runner/work/cognu-mach/cognu-mach/build-aux/missing'\'' makeinfo'
MIG='/usr/local/bin/mig'
MKDIR_P='/usr/bin/mkdir -p'
NM='nm'
OBJEXT='o'
OPTIMIZATION_LEVEL='2'
PACKAGE='gnumach'
PACKAGE_BUGREPORT='bug-hurd@gnu.org'
PACKAGE_NAME='GNU Mach'
PACKAGE_STRING='GNU Mach 1.8'
PACKAGE_TARNAME='gnumach'
PACKAGE_URL=''
PACKAGE_VERSION='1.8'
PATCH='patch'
PATH_SEPARATOR=':'
PLATFORM_at_FALSE='#'
PLATFORM_at_TRUE=''
PLATFORM_xen_FALSE=''
PLATFORM_xen_TRUE='#'
RANLIB='ranlib'
SED='/usr/bin/sed'
SET_MAKE=''
SHELL='/bin/bash'
STRICT_WARNINGS_FALSE=''
STRICT_WARNINGS_TRUE='#'
STRIP='strip'
TICKLESS_TIMER_FALSE=''
TICKLESS_TIMER_TRUE='#'
USER_CC='gcc'
USER_CFLAGS=''
USER_CPP='gcc -E'
USER_CPPFLAGS=''
USER_MIG=''
VERSION='1.8'
_START_MAP='0x1000000'
ac_ct_AR='ar'
ac_ct_CC='gcc'
am__EXEEXT_FALSE=''
am__EXEEXT_TRUE='#'
am__fastdepCCAS_FALSE='#'
am__fastdepCCAS_TRUE=''
am__fastdepCC_FALSE='#'
am__fastdepCC_TRUE=''
am__include='include'
am__isrc=' -I$(srcdir)'
am__leading_dot='.'
am__nodep='_no'
am__quote=''
am__tar='$${TAR-tar} chof - "$$tardir"'
am__untar='$${TAR-tar} xf -'
bindir='${exec_prefix}/bin'
build='x86_64-pc-linux-gnu'
build_alias=''
build_cpu='x86_64'
build_os='linux-gnu'
build_vendor='pc'
datadir='${datarootdir}'
datarootdir='${prefix}/share'
device_driver_3c501_FALSE=''
device_driver_3c501_TRUE='#'
device_driver_3c503_FALSE=''
device_driver_3c503_TRUE='#'
device_driver_3c505_FALSE=''
device_driver_3c505_TRUE='#'
device_driver_3c507_FALSE=''
device_driver_3c507_TRUE='#'
device_driver_3c509_FALSE=''
device_driver_3c509_TRUE='#'
device_driver_3c515_FALSE=''
device_driver_3c515_TRUE='#'
device_driver_3c574_cs_FALSE=''
device_driver_3c574_cs_TRUE='#'
device_driver_3c589_cs_FALSE=''
device_driver_3c589_cs_TRUE='#'
device_driver_3c59x_FALSE=''
device_driver_3c59x_TRUE='#'
device_driver_53c78xx_FALSE=''
device_driver_53c78xx_TRUE='#'
device_driver_AM53C974_FALSE=''
device_driver_AM53C974_TRUE='#'
device_driver_BusLogic_FALSE=''
device_driver_BusLogic_TRUE='#'
device_driver_NCR53c406a_FALSE=''
device_driver_NCR53c406a_TRUE='#'
device_driver_ac3200_FALSE=''
device_driver_ac3200_TRUE='#'
device_driver_advansys_FALSE=''
device_driver_advansys_TRUE='#'
device_driver_aha152x_FALSE=''
device_driver_aha152x_TRUE='#'
device_driver_aha1542_FALSE=''
device_driver_aha1542_TRUE='#'
device_driver_aha1740_FALSE=''
device_driver_aha1740_TRUE='#'
device_driver_aic7xxx_FALSE=''
device_driver_aic7xxx_TRUE='#'
device_driver_apricot_FALSE=''
device_driver_apricot_TRUE='#'
device_driver_at1700_FALSE=''
device_driver_at1700_TRUE='#'
device_driver_atp_FALSE=''
device_driver_atp_TRUE='#'
device_driver_axnet_cs_FALSE=''
device_driver_axnet_cs_TRUE='#'
device_driver_de4x5_FALSE=''
device_driver_de4x5_TRUE='#'
device_driver_de600_FALSE=''
device_driver_de600_TRUE='#'
device_driver_de620_FALSE=''
device_driver_de620_TRUE='#'
device_driver_depca_FALSE=''
device_driver_depca_TRUE='#'
device_driver_dtc_FALSE=''
device_driver_dtc_TRUE='#'
device_driver_e2100_FALSE=''
device_driver_e2100_TRUE='#'
device_driver_eata_FALSE=''
device_driver_eata_TRUE='#'
device_driver_eata_dma_FALSE=''
device_driver_eata_dma_TRUE='#'
device_driver_eata_pio_FALSE=''
device_driver_eata_pio_TRUE='#'
device_driver_eepro100_FALSE=''
device_driver_eepro100_TRUE='#'
device_driver_eepro_FALSE=''
device_driver_eepro_TRUE='#'
device_driver_eexpress_FALSE=''
device_driver_eexpress_TRUE='#'
device_driver_epic100_FALSE=''
device_driver_epic100_TRUE='#'
device_driver_eth16i_FALSE=''
device_driver_eth16i_TRUE='#'
device_driver_ewrk3_FALSE=''
device_driver_ewrk3_TRUE='#'
device_driver_fdomain_FALSE=''
device_driver_fdomain_TRUE='#'
device_driver_floppy_FALSE=''
device_driver_floppy_TRUE='#'
device_driver_fmv18x_FALSE=''
device_driver_fmv18x_TRUE='#'
device_driver_fmvj18x_cs_FALSE=''
device_driver_fmvj18x_cs_TRUE='#'
device_driver_g_NCR5380_FALSE=''
device_driver_g_NCR5380_TRUE='#'
device_driver_gdth_FALSE=''
device_driver_gdth_TRUE='#'
device_driver_group_block_FALSE=''
device_driver_group_block_TRUE='#'
device_driver_group_net_FALSE=''
device_driver_group_net_TRUE='#'
device_driver_group_pcmcia_FALSE=''
device_driver_group_pcmcia_TRUE='#'
device_driver_group_scsi_FALSE=''
device_driver_group_scsi_TRUE='#'
device_driver_hamachi_FALSE=''
device_driver_hamachi_TRUE='#'
device_driver_hp100_FALSE=''
device_driver_hp100_TRUE='#'
device_driver_hp_FALSE=''
device_driver_hp_TRUE='#'
device_driver_hp_plus_FALSE=''
device_driver_hp_plus_TRUE='#'
device_driver_i82365_FALSE=''
device_driver_i82365_TRUE='#'
device_driver_ide_FALSE=''
device_driver_ide_TRUE='#'
device_driver_in2000_FALSE=''
device_driver_in2000_TRUE='#'
device_driver_intel_gige_FALSE=''
device_driver_intel_gige_TRUE='#'
device_driver_lance_FALSE=''
device_driver_lance_TRUE='#'
device_driver_myson803_FALSE=''
device_driver_myson803_TRUE='#'
device_driver_natsemi_FALSE=''
device_driver_natsemi_TRUE='#'
device_driver_ncr53c8xx_FALSE=''
device_driver_ncr53c8xx_TRUE='#'
device_driver_ne2k_pci_FALSE=''
device_driver_ne2k_pci_TRUE='#'
device_driver_ne_FALSE=''
device_driver_ne_TRUE='#'
device_driver_ni52_FALSE=''
device_driver_ni52_TRUE='#'
device_driver_ni65_FALSE=''
device_driver_ni65_TRUE='#'
device_driver_nmclan_cs_FALSE=''
device_driver_nmclan_cs_TRUE='#'
device_driver_ns820_FALSE=''
device_driver_ns820_TRUE='#'
device_driver_orinoco_cs_FALSE=''
device_driver_orinoco_cs_TRUE='#'
device_driver_pas16_FALSE=''
device_driver_pas16_TRUE='#'
device_driver_pcmcia_isa_FALSE=''
device_driver_pcmcia_isa_TRUE='#'
device_driver_pcnet32_FALSE=''
device_driver_pcnet32_TRUE='#'
device_driver_pcnet_cs_FALSE=''
device_driver_pcnet_cs_TRUE='#'
device_driver_ppa_FALSE=''
device_driver_ppa_TRUE='#'
device_driver_qlogicfas_FALSE=''
device_driver_qlogicfas_TRUE='#'
device_driver_qlogicisp_FALSE=''
device_driver_qlogicisp_TRUE='#'
device_driver_rtl8139_FALSE=''
device_driver_rtl8139_TRUE='#'
device_driver_seagate_FALSE=''
device_driver_seagate_TRUE='#'
device_driver_seeq8005_FALSE=''
device_driver_seeq8005_TRUE='#'
device_driver_sis900_FALSE=''
device_driver_sis900_TRUE='#'
device_driver_sk_g16_FALSE=''
device_driver_sk_g16_TRUE='#'
device_driver_smc91c92_cs_FALSE=''
device_driver_smc91c92_cs_TRUE='#'
device_driver_smc_ultra32_FALSE=''
device_driver_smc_ultra32_TRUE='#'
device_driver_smc_ultra_FALSE=''
device_driver_smc_ultra_TRUE='#'
device_driver_starfire_FALSE=''
device_driver_starfire_TRUE='#'
device_driver_sundance_FALSE=''
device_driver_sundance_TRUE='#'
device_driver_sym53c8xx_FALSE=''
device_driver_sym53c8xx_TRUE='#'
device_driver_t128_FALSE=''
device_driver_t128_TRUE='#'
device_driver_tlan_FALSE=''
device_driver_tlan_TRUE='#'
device_driver_tmscsim_FALSE=''
device_driver_tmscsim_TRUE='#'
device_driver_tulip_FALSE=''
device_driver_tulip_TRUE='#'
device_driver_u14_34f_FALSE=''
device_driver_u14_34f_TRUE='#'
device_driver_ultrastor_FALSE=''
device_driver_ultrastor_TRUE='#'
device_driver_via_rhine_FALSE=''
device_driver_via_rhine_TRUE='#'
device_driver_wavelan_FALSE=''
device_driver_wavelan_TRUE='#'
device_driver_wd7000_FALSE=''
device_driver_wd7000_TRUE='#'
device_driver_wd_FALSE=''
device_driver_wd_TRUE='#'
device_driver_winbond_840_FALSE=''
device_driver_winbond_840_TRUE='#'
device_driver_xirc2ps_cs_FALSE=''
device_driver_xirc2ps_cs_TRUE='#'
device_driver_yellowfin_FALSE=''
device_driver_yellowfin_TRUE='#'
device_driver_znet_FALSE=''
device_driver_znet_TRUE='#'
disable_smashing_stack_protector_FALSE='#'
disable_smashing_stack_protector_TRUE=''
docdir='${datarootdir}/doc/${PACKAGE_TARNAME}'
dvidir='${docdir}'
enable_apic_FALSE=''
enable_apic_TRUE='#'
enable_kdb_FALSE=''
enable_kdb_TRUE='#'
enable_kmsg_FALSE='#'
enable_kmsg_TRUE=''
enable_lpr_FALSE=''
enable_lpr_TRUE='#'
enable_pae_FALSE='#'
enable_pae_TRUE=''
enable_pseudo_phys_FALSE=''
enable_pseudo_phys_TRUE='#'
enable_pv_descriptors_FALSE=''
enable_pv_descriptors_TRUE='#'
enable_pv_pagetables_FALSE=''
enable_pv_pagetables_TRUE='#'
enable_ring1_FALSE=''
enable_ring1_TRUE='#'
enable_user32_FALSE='#'
enable_user32_TRUE=''
exec_prefix='${prefix}'
host='x86_64-pc-gnu'
host_alias='x86_64-gnu'
host_cpu='x86_64'
host_os='gnu'
host_platform='at'
host_vendor='pc'
htmldir='${docdir}'
includedir='${prefix}/include'
infodir='${datarootdir}/info'
install_sh='${SHELL} /home/runner/work/cognu-mach/cognu-mach/build-aux/install-sh'
libdir='${exec_prefix}/lib'
libexecdir='${exec_prefix}/libexec'
localedir='${datarootdir}/locale'
localstatedir='${prefix}/var'
mandir='${datarootdir}/man'
mkdir_p='$(MKDIR_P)'
oldincludedir='/usr/include'
pdfdir='${docdir}'
prefix='/usr/local'
program_transform_name='s,x,x,'
psdir='${docdir}'
runstatedir='${localstatedir}/run'
sbindir='${exec_prefix}/sbin'
sharedstatedir='${prefix}/com'
sysconfdir='${prefix}/etc'
systype='x86_64'
target_alias=''

## ----------- ##
## confdefs.h. ##
## ----------- ##

/* confdefs.h */
#define PACKAGE_NAME "GNU Mach"
#define PACKAGE_TARNAME "gnumach"
#define PACKAGE_VERSION "1.8"
#define PACKAGE_STRING "GNU Mach 1.8"
#define PACKAGE_BUGREPORT "bug-hurd@gnu.org"
#define PACKAGE_URL ""
#define USER32 /**/
#define NCPUS 1
#define ENABLE_IMMEDIATE_CONSOLE 0
#define __ELF__ 1
#define CPU_L1_SHIFT 6
#define ATX86_64 1
#define MACH 1
#define CMU 1
#define MACH_KERNEL 1
#define KERNEL 1
#define NCOM 2
#define NLPR 1
#define PAE 1
#define BOOTSTRAP_SYMBOLS 0
#define FAST_TAS 0
#define HW_FOOTPRINT 0
#define MACH_COUNTERS 0
#define MACH_DEBUG 1
#define MACH_FIXPRI 1
#define MACH_HOST 0
#define MACH_IPC_DEBUG 1
#define MACH_IPC_TEST 0
#define MACH_LDEBUG 0
#define MACH_LOCK_MON 0
#define MACH_MACHINE_ROUTINES 1
#define MACH_MP_DEBUG 0
#define MACH_PAGEMAP 1
#define MACH_PCSAMPLE 1
#define MACH_KERNSAMPLE 0
#define MACH_TTD 0
#define MACH_VM_DEBUG 1
#define POWER_SAVE 1
#define STAT_TIME 1
#define XPR_DEBUG 0
#define SLAB_VERIFY 0
#define SLAB_USE_CPU_POOLS 0
#define MACH_KDB 0
#define MACH_KMSG /**/

configure: exit 0

## ---------------------- ##
## Running config.status. ##
## ---------------------- ##

This file was extended by GNU Mach config.status 1.8, which was
generated by GNU Autoconf 2.71.  Invocation command line was

  CONFIG_FILES    = 
  CONFIG_HEADERS  = 
  CONFIG_LINKS    = 
  CONFIG_COMMANDS = 
  $ ./config.status version.c

on pkrvm7jw40e0xgp

config.status:1156: creating version.c

## ---------------------- ##
## Running config.status. ##
## ---------------------- ##

This file was extended by GNU Mach config.status 1.8, which was
generated by GNU Autoconf 2.71.  Invocation command line was

  CONFIG_FILES    = 
  CONFIG_HEADERS  = 
  CONFIG_LINKS    = 
  CONFIG_COMMANDS = 
  $ ./config.status version.c

on pkrvm7jw40e0xgp

config.status:1156: creating version.c
